<?xml version="1.0" encoding="UTF-8"?>
<testsuite xmlns:xsi="http://www.w3.org/2001/XMLSchema-instance" xsi:noNamespaceSchemaLocation="https://maven.apache.org/surefire/maven-surefire-plugin/xsd/surefire-test-report-3.0.xsd" version="3.0" name="Ejecutador.Runner" time="453.369" tests="50" errors="0" skipped="0" failures="0">
  <properties>
[...]
</properties>
  <testcase name="Crear un nuevo proyecto" classname="Crear Proyecto" time="10.299">
    <system-out><![CDATA[
Scenario: Crear un nuevo proyecto                                                                        # src/test/resources/feature/EscenarioCrearProyecto.feature:10
  Given Navegar a la página principal "https://taskhub.cl/"                                              # DefinicionPasos.CrearProyecto.navegarPaginaPrincipal(java.lang.String)
  And Ingresar el usuario en el campo con id "email" con el texto "igna.veliz@duocuc.cl"                 # DefinicionPasos.CrearProyecto.ingresarUsuario(java.lang.String,java.lang.String)
  And Ingresar la contraseña en el campo con id "password" con el texto "123123123"                      # DefinicionPasos.CrearProyecto.ingresarContrasena(java.lang.String,java.lang.String)
  And Hacer clic en el botón con id "login_button"                                                       # DefinicionPasos.CrearProyecto.hacerClickBoton(java.lang.String)
  Then Verificar que estamos en la página de inicio "https://taskhub.cl/inicio"                          # DefinicionPasos.CrearProyecto.verificarPaginaInicio(java.lang.String)
  Then Verificar que estamos en la página de inicio "https://taskhub.cl/inicio"                          # DefinicionPasos.CrearProyecto.verificarPaginaInicio(java.lang.String)
  When Hacer clic en el botón de navegación con id "menu-proyectos"                                      # DefinicionPasos.CrearProyecto.hacerClickBotonNavegacion(java.lang.String)
  Then Verificar que ingresamos a la vista de proyectos "https://taskhub.cl/proyecto"                    # DefinicionPasos.CrearProyecto.verificarVistaProyectos(java.lang.String)
  When Hacer clic en el botón de nuevo proyecto con id "btn-nuevo-proyecto"                              # DefinicionPasos.CrearProyecto.hacerClickNuevoProyecto(java.lang.String)
  Then Verificar que ingresamos a la vista de creación de proyectos "https://taskhub.cl/proyecto/create" # DefinicionPasos.CrearProyecto.verificarVistaCreacionProyectos(java.lang.String)
  And Ingresar el nombre del nuevo proyecto con id "nombre" con el texto "Proyecto normal sin fase"      # DefinicionPasos.CrearProyecto.ingresarNombreNuevoProyecto(java.lang.String,java.lang.String)
  And Seleccionar el primer cliente del selector con id "cliente_id"                                     # DefinicionPasos.CrearProyecto.seleccionarPrimerCliente(java.lang.String)
  And Seleccionar el primer jefe de proyecto del selector con id "jefe_proyecto_id"                      # DefinicionPasos.CrearProyecto.seleccionarPrimerJefeProyecto(java.lang.String)
  And Seleccionar el primer tipo de proyecto del selector con id "tipo_proyecto_id"                      # DefinicionPasos.CrearProyecto.seleccionarPrimerTipoProyecto(java.lang.String)
  When Hacer clic en el botón de guardar con id "btn-guardar-proyecto"                                   # DefinicionPasos.CrearProyecto.hacerClickGuardar(java.lang.String)
  Then Verificar que llegamos a la vista del proyecto con la URL que contiene "show"                     # DefinicionPasos.CrearProyecto.verificarVistaProyectoShow(java.lang.String)
]]></system-out>
    <system-err><![CDATA[Nov 23, 2024 10:15:32 AM org.openqa.selenium.devtools.CdpVersionFinder findNearestMatch
ADVERTENCIA: Unable to find an exact match for CDP version 131, returning the closest version; found: 130; Please update to a Selenium version that supports CDP version 131
]]></system-err>
  </testcase>
  <testcase name="Crear un nuevo proyecto con una face inicial" classname="Crear Proyecto" time="10.285">
    <system-out><![CDATA[
Scenario: Crear un nuevo proyecto con una face inicial                                                   # src/test/resources/feature/EscenarioCrearProyecto.feature:23
  Given Navegar a la página principal "https://taskhub.cl/"                                              # DefinicionPasos.CrearProyecto.navegarPaginaPrincipal(java.lang.String)
  And Ingresar el usuario en el campo con id "email" con el texto "igna.veliz@duocuc.cl"                 # DefinicionPasos.CrearProyecto.ingresarUsuario(java.lang.String,java.lang.String)
  And Ingresar la contraseña en el campo con id "password" con el texto "123123123"                      # DefinicionPasos.CrearProyecto.ingresarContrasena(java.lang.String,java.lang.String)
  And Hacer clic en el botón con id "login_button"                                                       # DefinicionPasos.CrearProyecto.hacerClickBoton(java.lang.String)
  Then Verificar que estamos en la página de inicio "https://taskhub.cl/inicio"                          # DefinicionPasos.CrearProyecto.verificarPaginaInicio(java.lang.String)
  Then Verificar que estamos en la página de inicio "https://taskhub.cl/inicio"                          # DefinicionPasos.CrearProyecto.verificarPaginaInicio(java.lang.String)
  When Hacer clic en el botón de navegación con id "menu-proyectos"                                      # DefinicionPasos.CrearProyecto.hacerClickBotonNavegacion(java.lang.String)
  Then Verificar que ingresamos a la vista de proyectos "https://taskhub.cl/proyecto"                    # DefinicionPasos.CrearProyecto.verificarVistaProyectos(java.lang.String)
  When Hacer clic en el botón de nuevo proyecto con id "btn-nuevo-proyecto"                              # DefinicionPasos.CrearProyecto.hacerClickNuevoProyecto(java.lang.String)
  Then Verificar que ingresamos a la vista de creación de proyectos "https://taskhub.cl/proyecto/create" # DefinicionPasos.CrearProyecto.verificarVistaCreacionProyectos(java.lang.String)
  And Ingresar el nombre del nuevo proyecto con id "nombre" con el texto "Proyecto con fase inicial"     # DefinicionPasos.CrearProyecto.ingresarNombreNuevoProyecto(java.lang.String,java.lang.String)
  And Seleccionar el primer cliente del selector con id "cliente_id"                                     # DefinicionPasos.CrearProyecto.seleccionarPrimerCliente(java.lang.String)
  And Seleccionar el primer jefe de proyecto del selector con id "jefe_proyecto_id"                      # DefinicionPasos.CrearProyecto.seleccionarPrimerJefeProyecto(java.lang.String)
  And Seleccionar el primer tipo de proyecto del selector con id "tipo_proyecto_id"                      # DefinicionPasos.CrearProyecto.seleccionarPrimerTipoProyecto(java.lang.String)
  When Hacer clic en el botón agregar nueva fase con id "agregarNuevaFase"                               # DefinicionPasos.CrearProyecto.hacerClicEnElBotónAgregarNuevaFaceConId(java.lang.String)
  And Ingresar el nombre del nuevo proyecto con id "nombre_fase1" con el texto "Fase 1"                  # DefinicionPasos.CrearProyecto.ingresarNombreNuevoProyecto(java.lang.String,java.lang.String)
  And Ingresar la cantidad de horas en el campo con id "hora_asignada1" con el texto "25"                # DefinicionPasos.CrearProyecto.ingresarCantidadHorasNuevoProyecto(java.lang.String,java.lang.String)
  When Hacer clic en el botón de guardar con id "btn-guardar-proyecto"                                   # DefinicionPasos.CrearProyecto.hacerClickGuardar(java.lang.String)
  Then Verificar que llegamos a la vista del proyecto con la URL que contiene "show"                     # DefinicionPasos.CrearProyecto.verificarVistaProyectoShow(java.lang.String)
]]></system-out>
    <system-err><![CDATA[Nov 23, 2024 10:15:42 AM org.openqa.selenium.devtools.CdpVersionFinder findNearestMatch
ADVERTENCIA: Unable to find an exact match for CDP version 131, returning the closest version; found: 130; Please update to a Selenium version that supports CDP version 131
]]></system-err>
  </testcase>
  <testcase name="Crear un nuevo proyecto con una face inicial pero sin nombre de proyecto" classname="Crear Proyecto" time="9.367">
    <system-out><![CDATA[
Scenario: Crear un nuevo proyecto con una face inicial pero sin nombre de proyecto                       # src/test/resources/feature/EscenarioCrearProyecto.feature:39
  Given Navegar a la página principal "https://taskhub.cl/"                                              # DefinicionPasos.CrearProyecto.navegarPaginaPrincipal(java.lang.String)
  And Ingresar el usuario en el campo con id "email" con el texto "igna.veliz@duocuc.cl"                 # DefinicionPasos.CrearProyecto.ingresarUsuario(java.lang.String,java.lang.String)
  And Ingresar la contraseña en el campo con id "password" con el texto "123123123"                      # DefinicionPasos.CrearProyecto.ingresarContrasena(java.lang.String,java.lang.String)
  And Hacer clic en el botón con id "login_button"                                                       # DefinicionPasos.CrearProyecto.hacerClickBoton(java.lang.String)
  Then Verificar que estamos en la página de inicio "https://taskhub.cl/inicio"                          # DefinicionPasos.CrearProyecto.verificarPaginaInicio(java.lang.String)
  Then Verificar que estamos en la página de inicio "https://taskhub.cl/inicio"                          # DefinicionPasos.CrearProyecto.verificarPaginaInicio(java.lang.String)
  When Hacer clic en el botón de navegación con id "menu-proyectos"                                      # DefinicionPasos.CrearProyecto.hacerClickBotonNavegacion(java.lang.String)
  Then Verificar que ingresamos a la vista de proyectos "https://taskhub.cl/proyecto"                    # DefinicionPasos.CrearProyecto.verificarVistaProyectos(java.lang.String)
  When Hacer clic en el botón de nuevo proyecto con id "btn-nuevo-proyecto"                              # DefinicionPasos.CrearProyecto.hacerClickNuevoProyecto(java.lang.String)
  Then Verificar que ingresamos a la vista de creación de proyectos "https://taskhub.cl/proyecto/create" # DefinicionPasos.CrearProyecto.verificarVistaCreacionProyectos(java.lang.String)
  And Dejar el campo vacío con id "nombre"                                                               # DefinicionPasos.CrearProyecto.dejarCampoNombreVacio(java.lang.String)
  And Seleccionar el primer cliente del selector con id "cliente_id"                                     # DefinicionPasos.CrearProyecto.seleccionarPrimerCliente(java.lang.String)
  And Seleccionar el primer jefe de proyecto del selector con id "jefe_proyecto_id"                      # DefinicionPasos.CrearProyecto.seleccionarPrimerJefeProyecto(java.lang.String)
  And Seleccionar el primer tipo de proyecto del selector con id "tipo_proyecto_id"                      # DefinicionPasos.CrearProyecto.seleccionarPrimerTipoProyecto(java.lang.String)
  When Hacer clic en el botón agregar nueva fase con id "agregarNuevaFase"                               # DefinicionPasos.CrearProyecto.hacerClicEnElBotónAgregarNuevaFaceConId(java.lang.String)
  And Ingresar el nombre del nuevo proyecto con id "nombre_fase1" con el texto "Fase 1"                  # DefinicionPasos.CrearProyecto.ingresarNombreNuevoProyecto(java.lang.String,java.lang.String)
  And Ingresar la cantidad de horas en el campo con id "hora_asignada1" con el texto "25"                # DefinicionPasos.CrearProyecto.ingresarCantidadHorasNuevoProyecto(java.lang.String,java.lang.String)
  When Hacer clic en el botón de guardar con id "btn-guardar-proyecto"                                   # DefinicionPasos.CrearProyecto.hacerClickGuardar(java.lang.String)
  And Permanecer en la vista de creación de proyectos "https://taskhub.cl/proyecto/create"               # DefinicionPasos.CrearProyecto.permanecerEnVistaCreacion(java.lang.String)
]]></system-out>
    <system-err><![CDATA[Nov 23, 2024 10:15:52 AM org.openqa.selenium.devtools.CdpVersionFinder findNearestMatch
ADVERTENCIA: Unable to find an exact match for CDP version 131, returning the closest version; found: 130; Please update to a Selenium version that supports CDP version 131
]]></system-err>
  </testcase>
  <testcase name="Crear un nuevo proyecto con una face inicial sin nombre y sin nombre de proyecto" classname="Crear Proyecto" time="9.411">
    <system-out><![CDATA[
Scenario: Crear un nuevo proyecto con una face inicial sin nombre y sin nombre de proyecto               # src/test/resources/feature/EscenarioCrearProyecto.feature:55
  Given Navegar a la página principal "https://taskhub.cl/"                                              # DefinicionPasos.CrearProyecto.navegarPaginaPrincipal(java.lang.String)
  And Ingresar el usuario en el campo con id "email" con el texto "igna.veliz@duocuc.cl"                 # DefinicionPasos.CrearProyecto.ingresarUsuario(java.lang.String,java.lang.String)
  And Ingresar la contraseña en el campo con id "password" con el texto "123123123"                      # DefinicionPasos.CrearProyecto.ingresarContrasena(java.lang.String,java.lang.String)
  And Hacer clic en el botón con id "login_button"                                                       # DefinicionPasos.CrearProyecto.hacerClickBoton(java.lang.String)
  Then Verificar que estamos en la página de inicio "https://taskhub.cl/inicio"                          # DefinicionPasos.CrearProyecto.verificarPaginaInicio(java.lang.String)
  Then Verificar que estamos en la página de inicio "https://taskhub.cl/inicio"                          # DefinicionPasos.CrearProyecto.verificarPaginaInicio(java.lang.String)
  When Hacer clic en el botón de navegación con id "menu-proyectos"                                      # DefinicionPasos.CrearProyecto.hacerClickBotonNavegacion(java.lang.String)
  Then Verificar que ingresamos a la vista de proyectos "https://taskhub.cl/proyecto"                    # DefinicionPasos.CrearProyecto.verificarVistaProyectos(java.lang.String)
  When Hacer clic en el botón de nuevo proyecto con id "btn-nuevo-proyecto"                              # DefinicionPasos.CrearProyecto.hacerClickNuevoProyecto(java.lang.String)
  Then Verificar que ingresamos a la vista de creación de proyectos "https://taskhub.cl/proyecto/create" # DefinicionPasos.CrearProyecto.verificarVistaCreacionProyectos(java.lang.String)
  And Dejar el campo vacío con id "nombre"                                                               # DefinicionPasos.CrearProyecto.dejarCampoNombreVacio(java.lang.String)
  And Seleccionar el primer cliente del selector con id "cliente_id"                                     # DefinicionPasos.CrearProyecto.seleccionarPrimerCliente(java.lang.String)
  And Seleccionar el primer jefe de proyecto del selector con id "jefe_proyecto_id"                      # DefinicionPasos.CrearProyecto.seleccionarPrimerJefeProyecto(java.lang.String)
  And Seleccionar el primer tipo de proyecto del selector con id "tipo_proyecto_id"                      # DefinicionPasos.CrearProyecto.seleccionarPrimerTipoProyecto(java.lang.String)
  When Hacer clic en el botón agregar nueva fase con id "agregarNuevaFase"                               # DefinicionPasos.CrearProyecto.hacerClicEnElBotónAgregarNuevaFaceConId(java.lang.String)
  And Dejar el campo vacío con id "nombre_fase1"                                                         # DefinicionPasos.CrearProyecto.dejarCampoNombreVacio(java.lang.String)
  And Ingresar la cantidad de horas en el campo con id "hora_asignada1" con el texto "25"                # DefinicionPasos.CrearProyecto.ingresarCantidadHorasNuevoProyecto(java.lang.String,java.lang.String)
  When Hacer clic en el botón de guardar con id "btn-guardar-proyecto"                                   # DefinicionPasos.CrearProyecto.hacerClickGuardar(java.lang.String)
  And Permanecer en la vista de creación de proyectos "https://taskhub.cl/proyecto/create"               # DefinicionPasos.CrearProyecto.permanecerEnVistaCreacion(java.lang.String)
]]></system-out>
    <system-err><![CDATA[Nov 23, 2024 10:16:01 AM org.openqa.selenium.devtools.CdpVersionFinder findNearestMatch
ADVERTENCIA: Unable to find an exact match for CDP version 131, returning the closest version; found: 130; Please update to a Selenium version that supports CDP version 131
]]></system-err>
  </testcase>
  <testcase name="Crear un nuevo proyecto con una face inicial sin nombre y sin horas de fase" classname="Crear Proyecto" time="9.395">
    <system-out><![CDATA[
Scenario: Crear un nuevo proyecto con una face inicial sin nombre y sin horas de fase                    # src/test/resources/feature/EscenarioCrearProyecto.feature:71
  Given Navegar a la página principal "https://taskhub.cl/"                                              # DefinicionPasos.CrearProyecto.navegarPaginaPrincipal(java.lang.String)
  And Ingresar el usuario en el campo con id "email" con el texto "igna.veliz@duocuc.cl"                 # DefinicionPasos.CrearProyecto.ingresarUsuario(java.lang.String,java.lang.String)
  And Ingresar la contraseña en el campo con id "password" con el texto "123123123"                      # DefinicionPasos.CrearProyecto.ingresarContrasena(java.lang.String,java.lang.String)
  And Hacer clic en el botón con id "login_button"                                                       # DefinicionPasos.CrearProyecto.hacerClickBoton(java.lang.String)
  Then Verificar que estamos en la página de inicio "https://taskhub.cl/inicio"                          # DefinicionPasos.CrearProyecto.verificarPaginaInicio(java.lang.String)
  Then Verificar que estamos en la página de inicio "https://taskhub.cl/inicio"                          # DefinicionPasos.CrearProyecto.verificarPaginaInicio(java.lang.String)
  When Hacer clic en el botón de navegación con id "menu-proyectos"                                      # DefinicionPasos.CrearProyecto.hacerClickBotonNavegacion(java.lang.String)
  Then Verificar que ingresamos a la vista de proyectos "https://taskhub.cl/proyecto"                    # DefinicionPasos.CrearProyecto.verificarVistaProyectos(java.lang.String)
  When Hacer clic en el botón de nuevo proyecto con id "btn-nuevo-proyecto"                              # DefinicionPasos.CrearProyecto.hacerClickNuevoProyecto(java.lang.String)
  Then Verificar que ingresamos a la vista de creación de proyectos "https://taskhub.cl/proyecto/create" # DefinicionPasos.CrearProyecto.verificarVistaCreacionProyectos(java.lang.String)
  And Dejar el campo vacío con id "nombre"                                                               # DefinicionPasos.CrearProyecto.dejarCampoNombreVacio(java.lang.String)
  And Seleccionar el primer cliente del selector con id "cliente_id"                                     # DefinicionPasos.CrearProyecto.seleccionarPrimerCliente(java.lang.String)
  And Seleccionar el primer jefe de proyecto del selector con id "jefe_proyecto_id"                      # DefinicionPasos.CrearProyecto.seleccionarPrimerJefeProyecto(java.lang.String)
  And Seleccionar el primer tipo de proyecto del selector con id "tipo_proyecto_id"                      # DefinicionPasos.CrearProyecto.seleccionarPrimerTipoProyecto(java.lang.String)
  When Hacer clic en el botón agregar nueva fase con id "agregarNuevaFase"                               # DefinicionPasos.CrearProyecto.hacerClicEnElBotónAgregarNuevaFaceConId(java.lang.String)
  And Ingresar el nombre del nuevo proyecto con id "nombre_fase1" con el texto "Fase 1"                  # DefinicionPasos.CrearProyecto.ingresarNombreNuevoProyecto(java.lang.String,java.lang.String)
  And Dejar el campo vacío con id "hora_asignada1"                                                       # DefinicionPasos.CrearProyecto.dejarCampoNombreVacio(java.lang.String)
  When Hacer clic en el botón de guardar con id "btn-guardar-proyecto"                                   # DefinicionPasos.CrearProyecto.hacerClickGuardar(java.lang.String)
  And Permanecer en la vista de creación de proyectos "https://taskhub.cl/proyecto/create"               # DefinicionPasos.CrearProyecto.permanecerEnVistaCreacion(java.lang.String)
]]></system-out>
    <system-err><![CDATA[Nov 23, 2024 10:16:11 AM org.openqa.selenium.devtools.CdpVersionFinder findNearestMatch
ADVERTENCIA: Unable to find an exact match for CDP version 131, returning the closest version; found: 130; Please update to a Selenium version that supports CDP version 131
]]></system-err>
  </testcase>
  <testcase name="Crear un nuevo proyecto con una face inicial pero con nombre-fase y cantidad-horas vacios" classname="Crear Proyecto" time="9.423">
    <system-out><![CDATA[
Scenario: Crear un nuevo proyecto con una face inicial pero con nombre-fase y cantidad-horas vacios      # src/test/resources/feature/EscenarioCrearProyecto.feature:87
  Given Navegar a la página principal "https://taskhub.cl/"                                              # DefinicionPasos.CrearProyecto.navegarPaginaPrincipal(java.lang.String)
  And Ingresar el usuario en el campo con id "email" con el texto "igna.veliz@duocuc.cl"                 # DefinicionPasos.CrearProyecto.ingresarUsuario(java.lang.String,java.lang.String)
  And Ingresar la contraseña en el campo con id "password" con el texto "123123123"                      # DefinicionPasos.CrearProyecto.ingresarContrasena(java.lang.String,java.lang.String)
  And Hacer clic en el botón con id "login_button"                                                       # DefinicionPasos.CrearProyecto.hacerClickBoton(java.lang.String)
  Then Verificar que estamos en la página de inicio "https://taskhub.cl/inicio"                          # DefinicionPasos.CrearProyecto.verificarPaginaInicio(java.lang.String)
  Then Verificar que estamos en la página de inicio "https://taskhub.cl/inicio"                          # DefinicionPasos.CrearProyecto.verificarPaginaInicio(java.lang.String)
  When Hacer clic en el botón de navegación con id "menu-proyectos"                                      # DefinicionPasos.CrearProyecto.hacerClickBotonNavegacion(java.lang.String)
  Then Verificar que ingresamos a la vista de proyectos "https://taskhub.cl/proyecto"                    # DefinicionPasos.CrearProyecto.verificarVistaProyectos(java.lang.String)
  When Hacer clic en el botón de nuevo proyecto con id "btn-nuevo-proyecto"                              # DefinicionPasos.CrearProyecto.hacerClickNuevoProyecto(java.lang.String)
  Then Verificar que ingresamos a la vista de creación de proyectos "https://taskhub.cl/proyecto/create" # DefinicionPasos.CrearProyecto.verificarVistaCreacionProyectos(java.lang.String)
  And Ingresar el nombre del nuevo proyecto con id "nombre" con el texto "proyecto 1"                    # DefinicionPasos.CrearProyecto.ingresarNombreNuevoProyecto(java.lang.String,java.lang.String)
  And Seleccionar el primer cliente del selector con id "cliente_id"                                     # DefinicionPasos.CrearProyecto.seleccionarPrimerCliente(java.lang.String)
  And Seleccionar el primer jefe de proyecto del selector con id "jefe_proyecto_id"                      # DefinicionPasos.CrearProyecto.seleccionarPrimerJefeProyecto(java.lang.String)
  And Seleccionar el primer tipo de proyecto del selector con id "tipo_proyecto_id"                      # DefinicionPasos.CrearProyecto.seleccionarPrimerTipoProyecto(java.lang.String)
  When Hacer clic en el botón agregar nueva fase con id "agregarNuevaFase"                               # DefinicionPasos.CrearProyecto.hacerClicEnElBotónAgregarNuevaFaceConId(java.lang.String)
  And Dejar el campo vacío con id "nombre_fase1"                                                         # DefinicionPasos.CrearProyecto.dejarCampoNombreVacio(java.lang.String)
  And Dejar el campo vacío con id "hora_asignada1"                                                       # DefinicionPasos.CrearProyecto.dejarCampoNombreVacio(java.lang.String)
  When Hacer clic en el botón de guardar con id "btn-guardar-proyecto"                                   # DefinicionPasos.CrearProyecto.hacerClickGuardar(java.lang.String)
  And Permanecer en la vista de creación de proyectos "https://taskhub.cl/proyecto/create"               # DefinicionPasos.CrearProyecto.permanecerEnVistaCreacion(java.lang.String)
]]></system-out>
    <system-err><![CDATA[Nov 23, 2024 10:16:20 AM org.openqa.selenium.devtools.CdpVersionFinder findNearestMatch
ADVERTENCIA: Unable to find an exact match for CDP version 131, returning the closest version; found: 130; Please update to a Selenium version that supports CDP version 131
]]></system-err>
  </testcase>
  <testcase name="Crear un nuevo proyecto con una face inicial pero con nombre-fase y sin cantidad-horas" classname="Crear Proyecto" time="9.299">
    <system-out><![CDATA[
Scenario: Crear un nuevo proyecto con una face inicial pero con nombre-fase y sin cantidad-horas         # src/test/resources/feature/EscenarioCrearProyecto.feature:103
  Given Navegar a la página principal "https://taskhub.cl/"                                              # DefinicionPasos.CrearProyecto.navegarPaginaPrincipal(java.lang.String)
  And Ingresar el usuario en el campo con id "email" con el texto "igna.veliz@duocuc.cl"                 # DefinicionPasos.CrearProyecto.ingresarUsuario(java.lang.String,java.lang.String)
  And Ingresar la contraseña en el campo con id "password" con el texto "123123123"                      # DefinicionPasos.CrearProyecto.ingresarContrasena(java.lang.String,java.lang.String)
  And Hacer clic en el botón con id "login_button"                                                       # DefinicionPasos.CrearProyecto.hacerClickBoton(java.lang.String)
  Then Verificar que estamos en la página de inicio "https://taskhub.cl/inicio"                          # DefinicionPasos.CrearProyecto.verificarPaginaInicio(java.lang.String)
  Then Verificar que estamos en la página de inicio "https://taskhub.cl/inicio"                          # DefinicionPasos.CrearProyecto.verificarPaginaInicio(java.lang.String)
  When Hacer clic en el botón de navegación con id "menu-proyectos"                                      # DefinicionPasos.CrearProyecto.hacerClickBotonNavegacion(java.lang.String)
  Then Verificar que ingresamos a la vista de proyectos "https://taskhub.cl/proyecto"                    # DefinicionPasos.CrearProyecto.verificarVistaProyectos(java.lang.String)
  When Hacer clic en el botón de nuevo proyecto con id "btn-nuevo-proyecto"                              # DefinicionPasos.CrearProyecto.hacerClickNuevoProyecto(java.lang.String)
  Then Verificar que ingresamos a la vista de creación de proyectos "https://taskhub.cl/proyecto/create" # DefinicionPasos.CrearProyecto.verificarVistaCreacionProyectos(java.lang.String)
  And Ingresar el nombre del nuevo proyecto con id "nombre" con el texto "proyecto 1"                    # DefinicionPasos.CrearProyecto.ingresarNombreNuevoProyecto(java.lang.String,java.lang.String)
  And Seleccionar el primer cliente del selector con id "cliente_id"                                     # DefinicionPasos.CrearProyecto.seleccionarPrimerCliente(java.lang.String)
  And Seleccionar el primer jefe de proyecto del selector con id "jefe_proyecto_id"                      # DefinicionPasos.CrearProyecto.seleccionarPrimerJefeProyecto(java.lang.String)
  And Seleccionar el primer tipo de proyecto del selector con id "tipo_proyecto_id"                      # DefinicionPasos.CrearProyecto.seleccionarPrimerTipoProyecto(java.lang.String)
  When Hacer clic en el botón agregar nueva fase con id "agregarNuevaFase"                               # DefinicionPasos.CrearProyecto.hacerClicEnElBotónAgregarNuevaFaceConId(java.lang.String)
  And Ingresar el nombre del nuevo proyecto con id "nombre_fase1" con el texto "Fase 1"                  # DefinicionPasos.CrearProyecto.ingresarNombreNuevoProyecto(java.lang.String,java.lang.String)
  And Dejar el campo vacío con id "hora_asignada1"                                                       # DefinicionPasos.CrearProyecto.dejarCampoNombreVacio(java.lang.String)
  When Hacer clic en el botón de guardar con id "btn-guardar-proyecto"                                   # DefinicionPasos.CrearProyecto.hacerClickGuardar(java.lang.String)
  And Permanecer en la vista de creación de proyectos "https://taskhub.cl/proyecto/create"               # DefinicionPasos.CrearProyecto.permanecerEnVistaCreacion(java.lang.String)
]]></system-out>
    <system-err><![CDATA[Nov 23, 2024 10:16:30 AM org.openqa.selenium.devtools.CdpVersionFinder findNearestMatch
ADVERTENCIA: Unable to find an exact match for CDP version 131, returning the closest version; found: 130; Please update to a Selenium version that supports CDP version 131
]]></system-err>
  </testcase>
  <testcase name="Crear un nuevo proyecto con una face inicial pero sin nombre-fase pero con cantidad-horas" classname="Crear Proyecto" time="9.354">
    <system-out><![CDATA[
Scenario: Crear un nuevo proyecto con una face inicial pero sin nombre-fase pero con cantidad-horas      # src/test/resources/feature/EscenarioCrearProyecto.feature:119
  Given Navegar a la página principal "https://taskhub.cl/"                                              # DefinicionPasos.CrearProyecto.navegarPaginaPrincipal(java.lang.String)
  And Ingresar el usuario en el campo con id "email" con el texto "igna.veliz@duocuc.cl"                 # DefinicionPasos.CrearProyecto.ingresarUsuario(java.lang.String,java.lang.String)
  And Ingresar la contraseña en el campo con id "password" con el texto "123123123"                      # DefinicionPasos.CrearProyecto.ingresarContrasena(java.lang.String,java.lang.String)
  And Hacer clic en el botón con id "login_button"                                                       # DefinicionPasos.CrearProyecto.hacerClickBoton(java.lang.String)
  Then Verificar que estamos en la página de inicio "https://taskhub.cl/inicio"                          # DefinicionPasos.CrearProyecto.verificarPaginaInicio(java.lang.String)
  Then Verificar que estamos en la página de inicio "https://taskhub.cl/inicio"                          # DefinicionPasos.CrearProyecto.verificarPaginaInicio(java.lang.String)
  When Hacer clic en el botón de navegación con id "menu-proyectos"                                      # DefinicionPasos.CrearProyecto.hacerClickBotonNavegacion(java.lang.String)
  Then Verificar que ingresamos a la vista de proyectos "https://taskhub.cl/proyecto"                    # DefinicionPasos.CrearProyecto.verificarVistaProyectos(java.lang.String)
  When Hacer clic en el botón de nuevo proyecto con id "btn-nuevo-proyecto"                              # DefinicionPasos.CrearProyecto.hacerClickNuevoProyecto(java.lang.String)
  Then Verificar que ingresamos a la vista de creación de proyectos "https://taskhub.cl/proyecto/create" # DefinicionPasos.CrearProyecto.verificarVistaCreacionProyectos(java.lang.String)
  And Ingresar el nombre del nuevo proyecto con id "nombre" con el texto "proyecto 1"                    # DefinicionPasos.CrearProyecto.ingresarNombreNuevoProyecto(java.lang.String,java.lang.String)
  And Seleccionar el primer cliente del selector con id "cliente_id"                                     # DefinicionPasos.CrearProyecto.seleccionarPrimerCliente(java.lang.String)
  And Seleccionar el primer jefe de proyecto del selector con id "jefe_proyecto_id"                      # DefinicionPasos.CrearProyecto.seleccionarPrimerJefeProyecto(java.lang.String)
  And Seleccionar el primer tipo de proyecto del selector con id "tipo_proyecto_id"                      # DefinicionPasos.CrearProyecto.seleccionarPrimerTipoProyecto(java.lang.String)
  When Hacer clic en el botón agregar nueva fase con id "agregarNuevaFase"                               # DefinicionPasos.CrearProyecto.hacerClicEnElBotónAgregarNuevaFaceConId(java.lang.String)
  And Dejar el campo vacío con id "nombre_fase1"                                                         # DefinicionPasos.CrearProyecto.dejarCampoNombreVacio(java.lang.String)
  And Ingresar la cantidad de horas en el campo con id "hora_asignada1" con el texto "Fase 1"            # DefinicionPasos.CrearProyecto.ingresarCantidadHorasNuevoProyecto(java.lang.String,java.lang.String)
  When Hacer clic en el botón de guardar con id "btn-guardar-proyecto"                                   # DefinicionPasos.CrearProyecto.hacerClickGuardar(java.lang.String)
  And Permanecer en la vista de creación de proyectos "https://taskhub.cl/proyecto/create"               # DefinicionPasos.CrearProyecto.permanecerEnVistaCreacion(java.lang.String)
]]></system-out>
    <system-err><![CDATA[Nov 23, 2024 10:16:39 AM org.openqa.selenium.devtools.CdpVersionFinder findNearestMatch
ADVERTENCIA: Unable to find an exact match for CDP version 131, returning the closest version; found: 130; Please update to a Selenium version that supports CDP version 131
]]></system-err>
  </testcase>
  <testcase name="Crear un nuevo proyecto con dos fases iniciales" classname="Crear Proyecto" time="10.288">
    <system-out><![CDATA[
Scenario: Crear un nuevo proyecto con dos fases iniciales                                                   # src/test/resources/feature/EscenarioCrearProyecto.feature:135
  Given Navegar a la página principal "https://taskhub.cl/"                                                 # DefinicionPasos.CrearProyecto.navegarPaginaPrincipal(java.lang.String)
  And Ingresar el usuario en el campo con id "email" con el texto "igna.veliz@duocuc.cl"                    # DefinicionPasos.CrearProyecto.ingresarUsuario(java.lang.String,java.lang.String)
  And Ingresar la contraseña en el campo con id "password" con el texto "123123123"                         # DefinicionPasos.CrearProyecto.ingresarContrasena(java.lang.String,java.lang.String)
  And Hacer clic en el botón con id "login_button"                                                          # DefinicionPasos.CrearProyecto.hacerClickBoton(java.lang.String)
  Then Verificar que estamos en la página de inicio "https://taskhub.cl/inicio"                             # DefinicionPasos.CrearProyecto.verificarPaginaInicio(java.lang.String)
  Then Verificar que estamos en la página de inicio "https://taskhub.cl/inicio"                             # DefinicionPasos.CrearProyecto.verificarPaginaInicio(java.lang.String)
  When Hacer clic en el botón de navegación con id "menu-proyectos"                                         # DefinicionPasos.CrearProyecto.hacerClickBotonNavegacion(java.lang.String)
  Then Verificar que ingresamos a la vista de proyectos "https://taskhub.cl/proyecto"                       # DefinicionPasos.CrearProyecto.verificarVistaProyectos(java.lang.String)
  When Hacer clic en el botón de nuevo proyecto con id "btn-nuevo-proyecto"                                 # DefinicionPasos.CrearProyecto.hacerClickNuevoProyecto(java.lang.String)
  Then Verificar que ingresamos a la vista de creación de proyectos "https://taskhub.cl/proyecto/create"    # DefinicionPasos.CrearProyecto.verificarVistaCreacionProyectos(java.lang.String)
  And Ingresar el nombre del nuevo proyecto con id "nombre" con el texto "Proyecto con dos fases iniciales" # DefinicionPasos.CrearProyecto.ingresarNombreNuevoProyecto(java.lang.String,java.lang.String)
  And Seleccionar el primer cliente del selector con id "cliente_id"                                        # DefinicionPasos.CrearProyecto.seleccionarPrimerCliente(java.lang.String)
  And Seleccionar el primer jefe de proyecto del selector con id "jefe_proyecto_id"                         # DefinicionPasos.CrearProyecto.seleccionarPrimerJefeProyecto(java.lang.String)
  And Seleccionar el primer tipo de proyecto del selector con id "tipo_proyecto_id"                         # DefinicionPasos.CrearProyecto.seleccionarPrimerTipoProyecto(java.lang.String)
  When Hacer clic en el botón agregar nueva fase con id "agregarNuevaFase"                                  # DefinicionPasos.CrearProyecto.hacerClicEnElBotónAgregarNuevaFaceConId(java.lang.String)
  And Ingresar el nombre del nuevo proyecto con id "nombre_fase1" con el texto "Fase 1"                     # DefinicionPasos.CrearProyecto.ingresarNombreNuevoProyecto(java.lang.String,java.lang.String)
  And Ingresar la cantidad de horas en el campo con id "hora_asignada1" con el texto "25"                   # DefinicionPasos.CrearProyecto.ingresarCantidadHorasNuevoProyecto(java.lang.String,java.lang.String)
  When Hacer clic en el botón agregar nueva fase con id "agregarNuevaFase"                                  # DefinicionPasos.CrearProyecto.hacerClicEnElBotónAgregarNuevaFaceConId(java.lang.String)
  And Ingresar el nombre del nuevo proyecto con id "nombre_fase2" con el texto "Fase 2"                     # DefinicionPasos.CrearProyecto.ingresarNombreNuevoProyecto(java.lang.String,java.lang.String)
  And Ingresar la cantidad de horas en el campo con id "hora_asignada2" con el texto "30"                   # DefinicionPasos.CrearProyecto.ingresarCantidadHorasNuevoProyecto(java.lang.String,java.lang.String)
  When Hacer clic en el botón de guardar con id "btn-guardar-proyecto"                                      # DefinicionPasos.CrearProyecto.hacerClickGuardar(java.lang.String)
  Then Verificar que llegamos a la vista del proyecto con la URL que contiene "show"                        # DefinicionPasos.CrearProyecto.verificarVistaProyectoShow(java.lang.String)
]]></system-out>
    <system-err><![CDATA[Nov 23, 2024 10:16:48 AM org.openqa.selenium.devtools.CdpVersionFinder findNearestMatch
ADVERTENCIA: Unable to find an exact match for CDP version 131, returning the closest version; found: 130; Please update to a Selenium version that supports CDP version 131
]]></system-err>
  </testcase>
  <testcase name="Crear un nuevo proyecto con dos fases iniciales y la segunda sin nombre" classname="Crear Proyecto" time="9.387">
    <system-out><![CDATA[
Scenario: Crear un nuevo proyecto con dos fases iniciales y la segunda sin nombre                        # src/test/resources/feature/EscenarioCrearProyecto.feature:154
  Given Navegar a la página principal "https://taskhub.cl/"                                              # DefinicionPasos.CrearProyecto.navegarPaginaPrincipal(java.lang.String)
  And Ingresar el usuario en el campo con id "email" con el texto "igna.veliz@duocuc.cl"                 # DefinicionPasos.CrearProyecto.ingresarUsuario(java.lang.String,java.lang.String)
  And Ingresar la contraseña en el campo con id "password" con el texto "123123123"                      # DefinicionPasos.CrearProyecto.ingresarContrasena(java.lang.String,java.lang.String)
  And Hacer clic en el botón con id "login_button"                                                       # DefinicionPasos.CrearProyecto.hacerClickBoton(java.lang.String)
  Then Verificar que estamos en la página de inicio "https://taskhub.cl/inicio"                          # DefinicionPasos.CrearProyecto.verificarPaginaInicio(java.lang.String)
  Then Verificar que estamos en la página de inicio "https://taskhub.cl/inicio"                          # DefinicionPasos.CrearProyecto.verificarPaginaInicio(java.lang.String)
  When Hacer clic en el botón de navegación con id "menu-proyectos"                                      # DefinicionPasos.CrearProyecto.hacerClickBotonNavegacion(java.lang.String)
  Then Verificar que ingresamos a la vista de proyectos "https://taskhub.cl/proyecto"                    # DefinicionPasos.CrearProyecto.verificarVistaProyectos(java.lang.String)
  When Hacer clic en el botón de nuevo proyecto con id "btn-nuevo-proyecto"                              # DefinicionPasos.CrearProyecto.hacerClickNuevoProyecto(java.lang.String)
  Then Verificar que ingresamos a la vista de creación de proyectos "https://taskhub.cl/proyecto/create" # DefinicionPasos.CrearProyecto.verificarVistaCreacionProyectos(java.lang.String)
  And Ingresar el nombre del nuevo proyecto con id "nombre" con el texto "proyecto 1"                    # DefinicionPasos.CrearProyecto.ingresarNombreNuevoProyecto(java.lang.String,java.lang.String)
  And Seleccionar el primer cliente del selector con id "cliente_id"                                     # DefinicionPasos.CrearProyecto.seleccionarPrimerCliente(java.lang.String)
  And Seleccionar el primer jefe de proyecto del selector con id "jefe_proyecto_id"                      # DefinicionPasos.CrearProyecto.seleccionarPrimerJefeProyecto(java.lang.String)
  And Seleccionar el primer tipo de proyecto del selector con id "tipo_proyecto_id"                      # DefinicionPasos.CrearProyecto.seleccionarPrimerTipoProyecto(java.lang.String)
  When Hacer clic en el botón agregar nueva fase con id "agregarNuevaFase"                               # DefinicionPasos.CrearProyecto.hacerClicEnElBotónAgregarNuevaFaceConId(java.lang.String)
  And Ingresar el nombre del nuevo proyecto con id "nombre_fase1" con el texto "Fase 1"                  # DefinicionPasos.CrearProyecto.ingresarNombreNuevoProyecto(java.lang.String,java.lang.String)
  And Ingresar la cantidad de horas en el campo con id "hora_asignada1" con el texto "25"                # DefinicionPasos.CrearProyecto.ingresarCantidadHorasNuevoProyecto(java.lang.String,java.lang.String)
  When Hacer clic en el botón agregar nueva fase con id "agregarNuevaFase"                               # DefinicionPasos.CrearProyecto.hacerClicEnElBotónAgregarNuevaFaceConId(java.lang.String)
  And Dejar el campo vacío con id "nombre_fase2"                                                         # DefinicionPasos.CrearProyecto.dejarCampoNombreVacio(java.lang.String)
  And Ingresar la cantidad de horas en el campo con id "hora_asignada2" con el texto "30"                # DefinicionPasos.CrearProyecto.ingresarCantidadHorasNuevoProyecto(java.lang.String,java.lang.String)
  When Hacer clic en el botón de guardar con id "btn-guardar-proyecto"                                   # DefinicionPasos.CrearProyecto.hacerClickGuardar(java.lang.String)
  And Permanecer en la vista de creación de proyectos "https://taskhub.cl/proyecto/create"               # DefinicionPasos.CrearProyecto.permanecerEnVistaCreacion(java.lang.String)
]]></system-out>
    <system-err><![CDATA[Nov 23, 2024 10:16:58 AM org.openqa.selenium.devtools.CdpVersionFinder findNearestMatch
ADVERTENCIA: Unable to find an exact match for CDP version 131, returning the closest version; found: 130; Please update to a Selenium version that supports CDP version 131
]]></system-err>
  </testcase>
  <testcase name="Crear un nuevo proyecto con dos fases iniciales y la segunda sin horas asignadas" classname="Crear Proyecto" time="9.476">
    <system-out><![CDATA[
Scenario: Crear un nuevo proyecto con dos fases iniciales y la segunda sin horas asignadas               # src/test/resources/feature/EscenarioCrearProyecto.feature:173
  Given Navegar a la página principal "https://taskhub.cl/"                                              # DefinicionPasos.CrearProyecto.navegarPaginaPrincipal(java.lang.String)
  And Ingresar el usuario en el campo con id "email" con el texto "igna.veliz@duocuc.cl"                 # DefinicionPasos.CrearProyecto.ingresarUsuario(java.lang.String,java.lang.String)
  And Ingresar la contraseña en el campo con id "password" con el texto "123123123"                      # DefinicionPasos.CrearProyecto.ingresarContrasena(java.lang.String,java.lang.String)
  And Hacer clic en el botón con id "login_button"                                                       # DefinicionPasos.CrearProyecto.hacerClickBoton(java.lang.String)
  Then Verificar que estamos en la página de inicio "https://taskhub.cl/inicio"                          # DefinicionPasos.CrearProyecto.verificarPaginaInicio(java.lang.String)
  Then Verificar que estamos en la página de inicio "https://taskhub.cl/inicio"                          # DefinicionPasos.CrearProyecto.verificarPaginaInicio(java.lang.String)
  When Hacer clic en el botón de navegación con id "menu-proyectos"                                      # DefinicionPasos.CrearProyecto.hacerClickBotonNavegacion(java.lang.String)
  Then Verificar que ingresamos a la vista de proyectos "https://taskhub.cl/proyecto"                    # DefinicionPasos.CrearProyecto.verificarVistaProyectos(java.lang.String)
  When Hacer clic en el botón de nuevo proyecto con id "btn-nuevo-proyecto"                              # DefinicionPasos.CrearProyecto.hacerClickNuevoProyecto(java.lang.String)
  Then Verificar que ingresamos a la vista de creación de proyectos "https://taskhub.cl/proyecto/create" # DefinicionPasos.CrearProyecto.verificarVistaCreacionProyectos(java.lang.String)
  And Ingresar el nombre del nuevo proyecto con id "nombre" con el texto "proyecto 1"                    # DefinicionPasos.CrearProyecto.ingresarNombreNuevoProyecto(java.lang.String,java.lang.String)
  And Seleccionar el primer cliente del selector con id "cliente_id"                                     # DefinicionPasos.CrearProyecto.seleccionarPrimerCliente(java.lang.String)
  And Seleccionar el primer jefe de proyecto del selector con id "jefe_proyecto_id"                      # DefinicionPasos.CrearProyecto.seleccionarPrimerJefeProyecto(java.lang.String)
  And Seleccionar el primer tipo de proyecto del selector con id "tipo_proyecto_id"                      # DefinicionPasos.CrearProyecto.seleccionarPrimerTipoProyecto(java.lang.String)
  When Hacer clic en el botón agregar nueva fase con id "agregarNuevaFase"                               # DefinicionPasos.CrearProyecto.hacerClicEnElBotónAgregarNuevaFaceConId(java.lang.String)
  And Ingresar el nombre del nuevo proyecto con id "nombre_fase1" con el texto "Fase 1"                  # DefinicionPasos.CrearProyecto.ingresarNombreNuevoProyecto(java.lang.String,java.lang.String)
  And Ingresar la cantidad de horas en el campo con id "hora_asignada1" con el texto "25"                # DefinicionPasos.CrearProyecto.ingresarCantidadHorasNuevoProyecto(java.lang.String,java.lang.String)
  When Hacer clic en el botón agregar nueva fase con id "agregarNuevaFase"                               # DefinicionPasos.CrearProyecto.hacerClicEnElBotónAgregarNuevaFaceConId(java.lang.String)
  And Ingresar el nombre del nuevo proyecto con id "nombre_fase2" con el texto "30"                      # DefinicionPasos.CrearProyecto.ingresarNombreNuevoProyecto(java.lang.String,java.lang.String)
  And Dejar el campo vacío con id "hora_asignada2"                                                       # DefinicionPasos.CrearProyecto.dejarCampoNombreVacio(java.lang.String)
  When Hacer clic en el botón de guardar con id "btn-guardar-proyecto"                                   # DefinicionPasos.CrearProyecto.hacerClickGuardar(java.lang.String)
  And Permanecer en la vista de creación de proyectos "https://taskhub.cl/proyecto/create"               # DefinicionPasos.CrearProyecto.permanecerEnVistaCreacion(java.lang.String)
]]></system-out>
    <system-err><![CDATA[Nov 23, 2024 10:17:08 AM org.openqa.selenium.devtools.CdpVersionFinder findNearestMatch
ADVERTENCIA: Unable to find an exact match for CDP version 131, returning the closest version; found: 130; Please update to a Selenium version that supports CDP version 131
]]></system-err>
  </testcase>
  <testcase name="Crear un nuevo proyecto con dos fases iniciales pero sin nombre de proyecto" classname="Crear Proyecto" time="9.53">
    <system-out><![CDATA[
Scenario: Crear un nuevo proyecto con dos fases iniciales pero sin nombre de proyecto                    # src/test/resources/feature/EscenarioCrearProyecto.feature:192
  Given Navegar a la página principal "https://taskhub.cl/"                                              # DefinicionPasos.CrearProyecto.navegarPaginaPrincipal(java.lang.String)
  And Ingresar el usuario en el campo con id "email" con el texto "igna.veliz@duocuc.cl"                 # DefinicionPasos.CrearProyecto.ingresarUsuario(java.lang.String,java.lang.String)
  And Ingresar la contraseña en el campo con id "password" con el texto "123123123"                      # DefinicionPasos.CrearProyecto.ingresarContrasena(java.lang.String,java.lang.String)
  And Hacer clic en el botón con id "login_button"                                                       # DefinicionPasos.CrearProyecto.hacerClickBoton(java.lang.String)
  Then Verificar que estamos en la página de inicio "https://taskhub.cl/inicio"                          # DefinicionPasos.CrearProyecto.verificarPaginaInicio(java.lang.String)
  Then Verificar que estamos en la página de inicio "https://taskhub.cl/inicio"                          # DefinicionPasos.CrearProyecto.verificarPaginaInicio(java.lang.String)
  When Hacer clic en el botón de navegación con id "menu-proyectos"                                      # DefinicionPasos.CrearProyecto.hacerClickBotonNavegacion(java.lang.String)
  Then Verificar que ingresamos a la vista de proyectos "https://taskhub.cl/proyecto"                    # DefinicionPasos.CrearProyecto.verificarVistaProyectos(java.lang.String)
  When Hacer clic en el botón de nuevo proyecto con id "btn-nuevo-proyecto"                              # DefinicionPasos.CrearProyecto.hacerClickNuevoProyecto(java.lang.String)
  Then Verificar que ingresamos a la vista de creación de proyectos "https://taskhub.cl/proyecto/create" # DefinicionPasos.CrearProyecto.verificarVistaCreacionProyectos(java.lang.String)
  And Dejar el campo vacío con id "nombre"                                                               # DefinicionPasos.CrearProyecto.dejarCampoNombreVacio(java.lang.String)
  And Seleccionar el primer cliente del selector con id "cliente_id"                                     # DefinicionPasos.CrearProyecto.seleccionarPrimerCliente(java.lang.String)
  And Seleccionar el primer jefe de proyecto del selector con id "jefe_proyecto_id"                      # DefinicionPasos.CrearProyecto.seleccionarPrimerJefeProyecto(java.lang.String)
  And Seleccionar el primer tipo de proyecto del selector con id "tipo_proyecto_id"                      # DefinicionPasos.CrearProyecto.seleccionarPrimerTipoProyecto(java.lang.String)
  When Hacer clic en el botón agregar nueva fase con id "agregarNuevaFase"                               # DefinicionPasos.CrearProyecto.hacerClicEnElBotónAgregarNuevaFaceConId(java.lang.String)
  And Ingresar el nombre del nuevo proyecto con id "nombre_fase1" con el texto "Fase 1"                  # DefinicionPasos.CrearProyecto.ingresarNombreNuevoProyecto(java.lang.String,java.lang.String)
  And Ingresar la cantidad de horas en el campo con id "hora_asignada1" con el texto "25"                # DefinicionPasos.CrearProyecto.ingresarCantidadHorasNuevoProyecto(java.lang.String,java.lang.String)
  When Hacer clic en el botón agregar nueva fase con id "agregarNuevaFase"                               # DefinicionPasos.CrearProyecto.hacerClicEnElBotónAgregarNuevaFaceConId(java.lang.String)
  And Ingresar el nombre del nuevo proyecto con id "nombre_fase2" con el texto "Fase 2"                  # DefinicionPasos.CrearProyecto.ingresarNombreNuevoProyecto(java.lang.String,java.lang.String)
  And Ingresar la cantidad de horas en el campo con id "hora_asignada2" con el texto "30"                # DefinicionPasos.CrearProyecto.ingresarCantidadHorasNuevoProyecto(java.lang.String,java.lang.String)
  When Hacer clic en el botón de guardar con id "btn-guardar-proyecto"                                   # DefinicionPasos.CrearProyecto.hacerClickGuardar(java.lang.String)
  And Permanecer en la vista de creación de proyectos "https://taskhub.cl/proyecto/create"               # DefinicionPasos.CrearProyecto.permanecerEnVistaCreacion(java.lang.String)
]]></system-out>
    <system-err><![CDATA[Nov 23, 2024 10:17:17 AM org.openqa.selenium.devtools.CdpVersionFinder findNearestMatch
ADVERTENCIA: Unable to find an exact match for CDP version 131, returning the closest version; found: 130; Please update to a Selenium version that supports CDP version 131
]]></system-err>
  </testcase>
  <testcase name="Crear un nuevo proyecto con dos fases iniciales y la primera sin nombre" classname="Crear Proyecto" time="9.558">
    <system-out><![CDATA[
Scenario: Crear un nuevo proyecto con dos fases iniciales y la primera sin nombre                        # src/test/resources/feature/EscenarioCrearProyecto.feature:211
  Given Navegar a la página principal "https://taskhub.cl/"                                              # DefinicionPasos.CrearProyecto.navegarPaginaPrincipal(java.lang.String)
  And Ingresar el usuario en el campo con id "email" con el texto "igna.veliz@duocuc.cl"                 # DefinicionPasos.CrearProyecto.ingresarUsuario(java.lang.String,java.lang.String)
  And Ingresar la contraseña en el campo con id "password" con el texto "123123123"                      # DefinicionPasos.CrearProyecto.ingresarContrasena(java.lang.String,java.lang.String)
  And Hacer clic en el botón con id "login_button"                                                       # DefinicionPasos.CrearProyecto.hacerClickBoton(java.lang.String)
  Then Verificar que estamos en la página de inicio "https://taskhub.cl/inicio"                          # DefinicionPasos.CrearProyecto.verificarPaginaInicio(java.lang.String)
  Then Verificar que estamos en la página de inicio "https://taskhub.cl/inicio"                          # DefinicionPasos.CrearProyecto.verificarPaginaInicio(java.lang.String)
  When Hacer clic en el botón de navegación con id "menu-proyectos"                                      # DefinicionPasos.CrearProyecto.hacerClickBotonNavegacion(java.lang.String)
  Then Verificar que ingresamos a la vista de proyectos "https://taskhub.cl/proyecto"                    # DefinicionPasos.CrearProyecto.verificarVistaProyectos(java.lang.String)
  When Hacer clic en el botón de nuevo proyecto con id "btn-nuevo-proyecto"                              # DefinicionPasos.CrearProyecto.hacerClickNuevoProyecto(java.lang.String)
  Then Verificar que ingresamos a la vista de creación de proyectos "https://taskhub.cl/proyecto/create" # DefinicionPasos.CrearProyecto.verificarVistaCreacionProyectos(java.lang.String)
  And Ingresar el nombre del nuevo proyecto con id "nombre" con el texto "proyecto 1"                    # DefinicionPasos.CrearProyecto.ingresarNombreNuevoProyecto(java.lang.String,java.lang.String)
  And Seleccionar el primer cliente del selector con id "cliente_id"                                     # DefinicionPasos.CrearProyecto.seleccionarPrimerCliente(java.lang.String)
  And Seleccionar el primer jefe de proyecto del selector con id "jefe_proyecto_id"                      # DefinicionPasos.CrearProyecto.seleccionarPrimerJefeProyecto(java.lang.String)
  And Seleccionar el primer tipo de proyecto del selector con id "tipo_proyecto_id"                      # DefinicionPasos.CrearProyecto.seleccionarPrimerTipoProyecto(java.lang.String)
  When Hacer clic en el botón agregar nueva fase con id "agregarNuevaFase"                               # DefinicionPasos.CrearProyecto.hacerClicEnElBotónAgregarNuevaFaceConId(java.lang.String)
  And Dejar el campo vacío con id "nombre_fase1"                                                         # DefinicionPasos.CrearProyecto.dejarCampoNombreVacio(java.lang.String)
  And Ingresar la cantidad de horas en el campo con id "hora_asignada1" con el texto "25"                # DefinicionPasos.CrearProyecto.ingresarCantidadHorasNuevoProyecto(java.lang.String,java.lang.String)
  When Hacer clic en el botón agregar nueva fase con id "agregarNuevaFase"                               # DefinicionPasos.CrearProyecto.hacerClicEnElBotónAgregarNuevaFaceConId(java.lang.String)
  And Ingresar el nombre del nuevo proyecto con id "nombre_fase2" con el texto "Fase 2"                  # DefinicionPasos.CrearProyecto.ingresarNombreNuevoProyecto(java.lang.String,java.lang.String)
  And Ingresar la cantidad de horas en el campo con id "hora_asignada2" con el texto "50"                # DefinicionPasos.CrearProyecto.ingresarCantidadHorasNuevoProyecto(java.lang.String,java.lang.String)
  When Hacer clic en el botón de guardar con id "btn-guardar-proyecto"                                   # DefinicionPasos.CrearProyecto.hacerClickGuardar(java.lang.String)
  And Permanecer en la vista de creación de proyectos "https://taskhub.cl/proyecto/create"               # DefinicionPasos.CrearProyecto.permanecerEnVistaCreacion(java.lang.String)
]]></system-out>
    <system-err><![CDATA[Nov 23, 2024 10:17:27 AM org.openqa.selenium.devtools.CdpVersionFinder findNearestMatch
ADVERTENCIA: Unable to find an exact match for CDP version 131, returning the closest version; found: 130; Please update to a Selenium version that supports CDP version 131
]]></system-err>
  </testcase>
  <testcase name="Crear un nuevo proyecto con dos fases iniciales y la primera sin horas" classname="Crear Proyecto" time="9.522">
    <system-out><![CDATA[
Scenario: Crear un nuevo proyecto con dos fases iniciales y la primera sin horas                         # src/test/resources/feature/EscenarioCrearProyecto.feature:230
  Given Navegar a la página principal "https://taskhub.cl/"                                              # DefinicionPasos.CrearProyecto.navegarPaginaPrincipal(java.lang.String)
  And Ingresar el usuario en el campo con id "email" con el texto "igna.veliz@duocuc.cl"                 # DefinicionPasos.CrearProyecto.ingresarUsuario(java.lang.String,java.lang.String)
  And Ingresar la contraseña en el campo con id "password" con el texto "123123123"                      # DefinicionPasos.CrearProyecto.ingresarContrasena(java.lang.String,java.lang.String)
  And Hacer clic en el botón con id "login_button"                                                       # DefinicionPasos.CrearProyecto.hacerClickBoton(java.lang.String)
  Then Verificar que estamos en la página de inicio "https://taskhub.cl/inicio"                          # DefinicionPasos.CrearProyecto.verificarPaginaInicio(java.lang.String)
  Then Verificar que estamos en la página de inicio "https://taskhub.cl/inicio"                          # DefinicionPasos.CrearProyecto.verificarPaginaInicio(java.lang.String)
  When Hacer clic en el botón de navegación con id "menu-proyectos"                                      # DefinicionPasos.CrearProyecto.hacerClickBotonNavegacion(java.lang.String)
  Then Verificar que ingresamos a la vista de proyectos "https://taskhub.cl/proyecto"                    # DefinicionPasos.CrearProyecto.verificarVistaProyectos(java.lang.String)
  When Hacer clic en el botón de nuevo proyecto con id "btn-nuevo-proyecto"                              # DefinicionPasos.CrearProyecto.hacerClickNuevoProyecto(java.lang.String)
  Then Verificar que ingresamos a la vista de creación de proyectos "https://taskhub.cl/proyecto/create" # DefinicionPasos.CrearProyecto.verificarVistaCreacionProyectos(java.lang.String)
  And Ingresar el nombre del nuevo proyecto con id "nombre" con el texto "proyecto 1"                    # DefinicionPasos.CrearProyecto.ingresarNombreNuevoProyecto(java.lang.String,java.lang.String)
  And Seleccionar el primer cliente del selector con id "cliente_id"                                     # DefinicionPasos.CrearProyecto.seleccionarPrimerCliente(java.lang.String)
  And Seleccionar el primer jefe de proyecto del selector con id "jefe_proyecto_id"                      # DefinicionPasos.CrearProyecto.seleccionarPrimerJefeProyecto(java.lang.String)
  And Seleccionar el primer tipo de proyecto del selector con id "tipo_proyecto_id"                      # DefinicionPasos.CrearProyecto.seleccionarPrimerTipoProyecto(java.lang.String)
  When Hacer clic en el botón agregar nueva fase con id "agregarNuevaFase"                               # DefinicionPasos.CrearProyecto.hacerClicEnElBotónAgregarNuevaFaceConId(java.lang.String)
  And Ingresar el nombre del nuevo proyecto con id "nombre_fase1" con el texto "Fase 1"                  # DefinicionPasos.CrearProyecto.ingresarNombreNuevoProyecto(java.lang.String,java.lang.String)
  And Dejar el campo vacío con id "hora_asignada1"                                                       # DefinicionPasos.CrearProyecto.dejarCampoNombreVacio(java.lang.String)
  When Hacer clic en el botón agregar nueva fase con id "agregarNuevaFase"                               # DefinicionPasos.CrearProyecto.hacerClicEnElBotónAgregarNuevaFaceConId(java.lang.String)
  And Ingresar el nombre del nuevo proyecto con id "nombre_fase2" con el texto "Fase 2"                  # DefinicionPasos.CrearProyecto.ingresarNombreNuevoProyecto(java.lang.String,java.lang.String)
  And Ingresar la cantidad de horas en el campo con id "hora_asignada2" con el texto "50"                # DefinicionPasos.CrearProyecto.ingresarCantidadHorasNuevoProyecto(java.lang.String,java.lang.String)
  When Hacer clic en el botón de guardar con id "btn-guardar-proyecto"                                   # DefinicionPasos.CrearProyecto.hacerClickGuardar(java.lang.String)
  And Permanecer en la vista de creación de proyectos "https://taskhub.cl/proyecto/create"               # DefinicionPasos.CrearProyecto.permanecerEnVistaCreacion(java.lang.String)
]]></system-out>
    <system-err><![CDATA[Nov 23, 2024 10:17:36 AM org.openqa.selenium.devtools.CdpVersionFinder findNearestMatch
ADVERTENCIA: Unable to find an exact match for CDP version 131, returning the closest version; found: 130; Please update to a Selenium version that supports CDP version 131
]]></system-err>
  </testcase>
  <testcase name="Crear un nuevo proyecto con dos fases iniciales sin tipo de proyecto" classname="Crear Proyecto" time="9.659">
    <system-out><![CDATA[
Scenario: Crear un nuevo proyecto con dos fases iniciales sin tipo de proyecto                           # src/test/resources/feature/EscenarioCrearProyecto.feature:249
  Given Navegar a la página principal "https://taskhub.cl/"                                              # DefinicionPasos.CrearProyecto.navegarPaginaPrincipal(java.lang.String)
  And Ingresar el usuario en el campo con id "email" con el texto "igna.veliz@duocuc.cl"                 # DefinicionPasos.CrearProyecto.ingresarUsuario(java.lang.String,java.lang.String)
  And Ingresar la contraseña en el campo con id "password" con el texto "123123123"                      # DefinicionPasos.CrearProyecto.ingresarContrasena(java.lang.String,java.lang.String)
  And Hacer clic en el botón con id "login_button"                                                       # DefinicionPasos.CrearProyecto.hacerClickBoton(java.lang.String)
  Then Verificar que estamos en la página de inicio "https://taskhub.cl/inicio"                          # DefinicionPasos.CrearProyecto.verificarPaginaInicio(java.lang.String)
  Then Verificar que estamos en la página de inicio "https://taskhub.cl/inicio"                          # DefinicionPasos.CrearProyecto.verificarPaginaInicio(java.lang.String)
  When Hacer clic en el botón de navegación con id "menu-proyectos"                                      # DefinicionPasos.CrearProyecto.hacerClickBotonNavegacion(java.lang.String)
  Then Verificar que ingresamos a la vista de proyectos "https://taskhub.cl/proyecto"                    # DefinicionPasos.CrearProyecto.verificarVistaProyectos(java.lang.String)
  When Hacer clic en el botón de nuevo proyecto con id "btn-nuevo-proyecto"                              # DefinicionPasos.CrearProyecto.hacerClickNuevoProyecto(java.lang.String)
  Then Verificar que ingresamos a la vista de creación de proyectos "https://taskhub.cl/proyecto/create" # DefinicionPasos.CrearProyecto.verificarVistaCreacionProyectos(java.lang.String)
  And Ingresar el nombre del nuevo proyecto con id "nombre" con el texto "proyecto 1"                    # DefinicionPasos.CrearProyecto.ingresarNombreNuevoProyecto(java.lang.String,java.lang.String)
  And Seleccionar el primer cliente del selector con id "cliente_id"                                     # DefinicionPasos.CrearProyecto.seleccionarPrimerCliente(java.lang.String)
  And Seleccionar el primer jefe de proyecto del selector con id "jefe_proyecto_id"                      # DefinicionPasos.CrearProyecto.seleccionarPrimerJefeProyecto(java.lang.String)
No se seleccionó ninguna opción para el campo: cliente
  And No seleccionar cliente en el selector con id "tipo_proyecto_id"                                    # DefinicionPasos.CrearProyecto.noSeleccionarCliente(java.lang.String)
  When Hacer clic en el botón agregar nueva fase con id "agregarNuevaFase"                               # DefinicionPasos.CrearProyecto.hacerClicEnElBotónAgregarNuevaFaceConId(java.lang.String)
  And Ingresar el nombre del nuevo proyecto con id "nombre_fase1" con el texto "Fase 1"                  # DefinicionPasos.CrearProyecto.ingresarNombreNuevoProyecto(java.lang.String,java.lang.String)
  And Ingresar la cantidad de horas en el campo con id "hora_asignada1" con el texto "25"                # DefinicionPasos.CrearProyecto.ingresarCantidadHorasNuevoProyecto(java.lang.String,java.lang.String)
  When Hacer clic en el botón agregar nueva fase con id "agregarNuevaFase"                               # DefinicionPasos.CrearProyecto.hacerClicEnElBotónAgregarNuevaFaceConId(java.lang.String)
  And Ingresar el nombre del nuevo proyecto con id "nombre_fase2" con el texto "Fase 2"                  # DefinicionPasos.CrearProyecto.ingresarNombreNuevoProyecto(java.lang.String,java.lang.String)
  And Ingresar la cantidad de horas en el campo con id "hora_asignada2" con el texto "30"                # DefinicionPasos.CrearProyecto.ingresarCantidadHorasNuevoProyecto(java.lang.String,java.lang.String)
  When Hacer clic en el botón de guardar con id "btn-guardar-proyecto"                                   # DefinicionPasos.CrearProyecto.hacerClickGuardar(java.lang.String)
  And Permanecer en la vista de creación de proyectos "https://taskhub.cl/proyecto/create"               # DefinicionPasos.CrearProyecto.permanecerEnVistaCreacion(java.lang.String)
]]></system-out>
    <system-err><![CDATA[Nov 23, 2024 10:17:46 AM org.openqa.selenium.devtools.CdpVersionFinder findNearestMatch
ADVERTENCIA: Unable to find an exact match for CDP version 131, returning the closest version; found: 130; Please update to a Selenium version that supports CDP version 131
]]></system-err>
  </testcase>
  <testcase name="Crear un nuevo proyecto sin nombre" classname="Crear Proyecto" time="9.234">
    <system-out><![CDATA[
Scenario: Crear un nuevo proyecto sin nombre                                                             # src/test/resources/feature/EscenarioCrearProyecto.feature:268
  Given Navegar a la página principal "https://taskhub.cl/"                                              # DefinicionPasos.CrearProyecto.navegarPaginaPrincipal(java.lang.String)
  And Ingresar el usuario en el campo con id "email" con el texto "igna.veliz@duocuc.cl"                 # DefinicionPasos.CrearProyecto.ingresarUsuario(java.lang.String,java.lang.String)
  And Ingresar la contraseña en el campo con id "password" con el texto "123123123"                      # DefinicionPasos.CrearProyecto.ingresarContrasena(java.lang.String,java.lang.String)
  And Hacer clic en el botón con id "login_button"                                                       # DefinicionPasos.CrearProyecto.hacerClickBoton(java.lang.String)
  Then Verificar que estamos en la página de inicio "https://taskhub.cl/inicio"                          # DefinicionPasos.CrearProyecto.verificarPaginaInicio(java.lang.String)
  When Hacer clic en el botón de navegación con id "menu-proyectos"                                      # DefinicionPasos.CrearProyecto.hacerClickBotonNavegacion(java.lang.String)
  Then Verificar que ingresamos a la vista de proyectos "https://taskhub.cl/proyecto"                    # DefinicionPasos.CrearProyecto.verificarVistaProyectos(java.lang.String)
  When Hacer clic en el botón de nuevo proyecto con id "btn-nuevo-proyecto"                              # DefinicionPasos.CrearProyecto.hacerClickNuevoProyecto(java.lang.String)
  Then Verificar que ingresamos a la vista de creación de proyectos "https://taskhub.cl/proyecto/create" # DefinicionPasos.CrearProyecto.verificarVistaCreacionProyectos(java.lang.String)
  And Dejar el campo vacío con id "nombre"                                                               # DefinicionPasos.CrearProyecto.dejarCampoNombreVacio(java.lang.String)
  And Seleccionar el primer cliente del selector con id "cliente_id"                                     # DefinicionPasos.CrearProyecto.seleccionarPrimerCliente(java.lang.String)
  And Seleccionar el primer jefe de proyecto del selector con id "jefe_proyecto_id"                      # DefinicionPasos.CrearProyecto.seleccionarPrimerJefeProyecto(java.lang.String)
  And Seleccionar el primer tipo de proyecto del selector con id "tipo_proyecto_id"                      # DefinicionPasos.CrearProyecto.seleccionarPrimerTipoProyecto(java.lang.String)
  When Hacer clic en el botón de guardar con id "btn-guardar-proyecto"                                   # DefinicionPasos.CrearProyecto.hacerClickGuardar(java.lang.String)
  And Permanecer en la vista de creación de proyectos "https://taskhub.cl/proyecto/create"               # DefinicionPasos.CrearProyecto.permanecerEnVistaCreacion(java.lang.String)
]]></system-out>
    <system-err><![CDATA[Nov 23, 2024 10:17:56 AM org.openqa.selenium.devtools.CdpVersionFinder findNearestMatch
ADVERTENCIA: Unable to find an exact match for CDP version 131, returning the closest version; found: 130; Please update to a Selenium version that supports CDP version 131
]]></system-err>
  </testcase>
  <testcase name="Crear un proyecto sin cliente" classname="Crear Proyecto" time="9.192">
    <system-out><![CDATA[
Scenario: Crear un proyecto sin cliente                                                                  # src/test/resources/feature/EscenarioCrearProyecto.feature:281
  Given Navegar a la página principal "https://taskhub.cl/"                                              # DefinicionPasos.CrearProyecto.navegarPaginaPrincipal(java.lang.String)
  And Ingresar el usuario en el campo con id "email" con el texto "igna.veliz@duocuc.cl"                 # DefinicionPasos.CrearProyecto.ingresarUsuario(java.lang.String,java.lang.String)
  And Ingresar la contraseña en el campo con id "password" con el texto "123123123"                      # DefinicionPasos.CrearProyecto.ingresarContrasena(java.lang.String,java.lang.String)
  And Hacer clic en el botón con id "login_button"                                                       # DefinicionPasos.CrearProyecto.hacerClickBoton(java.lang.String)
  Then Verificar que estamos en la página de inicio "https://taskhub.cl/inicio"                          # DefinicionPasos.CrearProyecto.verificarPaginaInicio(java.lang.String)
  When Hacer clic en el botón de navegación con id "menu-proyectos"                                      # DefinicionPasos.CrearProyecto.hacerClickBotonNavegacion(java.lang.String)
  Then Verificar que ingresamos a la vista de proyectos "https://taskhub.cl/proyecto"                    # DefinicionPasos.CrearProyecto.verificarVistaProyectos(java.lang.String)
  When Hacer clic en el botón de nuevo proyecto con id "btn-nuevo-proyecto"                              # DefinicionPasos.CrearProyecto.hacerClickNuevoProyecto(java.lang.String)
  Then Verificar que ingresamos a la vista de creación de proyectos "https://taskhub.cl/proyecto/create" # DefinicionPasos.CrearProyecto.verificarVistaCreacionProyectos(java.lang.String)
  And Ingresar el nombre del nuevo proyecto con id "nombre" con el texto "Proyecto sin cliente"          # DefinicionPasos.CrearProyecto.ingresarNombreNuevoProyecto(java.lang.String,java.lang.String)
No se seleccionó ninguna opción para el campo: cliente
  And No seleccionar cliente en el selector con id "cliente_id"                                          # DefinicionPasos.CrearProyecto.noSeleccionarCliente(java.lang.String)
  And Seleccionar el primer jefe de proyecto del selector con id "jefe_proyecto_id"                      # DefinicionPasos.CrearProyecto.seleccionarPrimerJefeProyecto(java.lang.String)
  And Seleccionar el primer tipo de proyecto del selector con id "tipo_proyecto_id"                      # DefinicionPasos.CrearProyecto.seleccionarPrimerTipoProyecto(java.lang.String)
  When Hacer clic en el botón de guardar con id "btn-guardar-proyecto"                                   # DefinicionPasos.CrearProyecto.hacerClickGuardar(java.lang.String)
  And Permanecer en la vista de creación de proyectos "https://taskhub.cl/proyecto/create"               # DefinicionPasos.CrearProyecto.permanecerEnVistaCreacion(java.lang.String)
]]></system-out>
    <system-err><![CDATA[Nov 23, 2024 10:18:05 AM org.openqa.selenium.devtools.CdpVersionFinder findNearestMatch
ADVERTENCIA: Unable to find an exact match for CDP version 131, returning the closest version; found: 130; Please update to a Selenium version that supports CDP version 131
]]></system-err>
  </testcase>
  <testcase name="Crear un proyecto sin jefe de proyecto" classname="Crear Proyecto" time="9.141">
    <system-out><![CDATA[
Scenario: Crear un proyecto sin jefe de proyecto                                                         # src/test/resources/feature/EscenarioCrearProyecto.feature:294
  Given Navegar a la página principal "https://taskhub.cl/"                                              # DefinicionPasos.CrearProyecto.navegarPaginaPrincipal(java.lang.String)
  And Ingresar el usuario en el campo con id "email" con el texto "igna.veliz@duocuc.cl"                 # DefinicionPasos.CrearProyecto.ingresarUsuario(java.lang.String,java.lang.String)
  And Ingresar la contraseña en el campo con id "password" con el texto "123123123"                      # DefinicionPasos.CrearProyecto.ingresarContrasena(java.lang.String,java.lang.String)
  And Hacer clic en el botón con id "login_button"                                                       # DefinicionPasos.CrearProyecto.hacerClickBoton(java.lang.String)
  Then Verificar que estamos en la página de inicio "https://taskhub.cl/inicio"                          # DefinicionPasos.CrearProyecto.verificarPaginaInicio(java.lang.String)
  When Hacer clic en el botón de navegación con id "menu-proyectos"                                      # DefinicionPasos.CrearProyecto.hacerClickBotonNavegacion(java.lang.String)
  Then Verificar que ingresamos a la vista de proyectos "https://taskhub.cl/proyecto"                    # DefinicionPasos.CrearProyecto.verificarVistaProyectos(java.lang.String)
  When Hacer clic en el botón de nuevo proyecto con id "btn-nuevo-proyecto"                              # DefinicionPasos.CrearProyecto.hacerClickNuevoProyecto(java.lang.String)
  Then Verificar que ingresamos a la vista de creación de proyectos "https://taskhub.cl/proyecto/create" # DefinicionPasos.CrearProyecto.verificarVistaCreacionProyectos(java.lang.String)
  And Ingresar el nombre del nuevo proyecto con id "nombre" con el texto "Proyecto sin jefe de proyecto" # DefinicionPasos.CrearProyecto.ingresarNombreNuevoProyecto(java.lang.String,java.lang.String)
  And Seleccionar el primer cliente del selector con id "cliente_id"                                     # DefinicionPasos.CrearProyecto.seleccionarPrimerCliente(java.lang.String)
No se seleccionó ninguna opción para el campo: jefe de proyecto
  And No seleccionar jefe de proyecto en el selector con id "jefe_proyecto_id"                           # DefinicionPasos.CrearProyecto.noSeleccionarJefeDeProyecto(java.lang.String)
  And Seleccionar el primer tipo de proyecto del selector con id "tipo_proyecto_id"                      # DefinicionPasos.CrearProyecto.seleccionarPrimerTipoProyecto(java.lang.String)
  When Hacer clic en el botón de guardar con id "btn-guardar-proyecto"                                   # DefinicionPasos.CrearProyecto.hacerClickGuardar(java.lang.String)
  And Permanecer en la vista de creación de proyectos "https://taskhub.cl/proyecto/create"               # DefinicionPasos.CrearProyecto.permanecerEnVistaCreacion(java.lang.String)
]]></system-out>
    <system-err><![CDATA[Nov 23, 2024 10:18:14 AM org.openqa.selenium.devtools.CdpVersionFinder findNearestMatch
ADVERTENCIA: Unable to find an exact match for CDP version 131, returning the closest version; found: 130; Please update to a Selenium version that supports CDP version 131
]]></system-err>
  </testcase>
  <testcase name="Crear un proyecto sin tipo de proyecto" classname="Crear Proyecto" time="9.111">
    <system-out><![CDATA[
Scenario: Crear un proyecto sin tipo de proyecto                                                         # src/test/resources/feature/EscenarioCrearProyecto.feature:307
  Given Navegar a la página principal "https://taskhub.cl/"                                              # DefinicionPasos.CrearProyecto.navegarPaginaPrincipal(java.lang.String)
  And Ingresar el usuario en el campo con id "email" con el texto "igna.veliz@duocuc.cl"                 # DefinicionPasos.CrearProyecto.ingresarUsuario(java.lang.String,java.lang.String)
  And Ingresar la contraseña en el campo con id "password" con el texto "123123123"                      # DefinicionPasos.CrearProyecto.ingresarContrasena(java.lang.String,java.lang.String)
  And Hacer clic en el botón con id "login_button"                                                       # DefinicionPasos.CrearProyecto.hacerClickBoton(java.lang.String)
  Then Verificar que estamos en la página de inicio "https://taskhub.cl/inicio"                          # DefinicionPasos.CrearProyecto.verificarPaginaInicio(java.lang.String)
  When Hacer clic en el botón de navegación con id "menu-proyectos"                                      # DefinicionPasos.CrearProyecto.hacerClickBotonNavegacion(java.lang.String)
  Then Verificar que ingresamos a la vista de proyectos "https://taskhub.cl/proyecto"                    # DefinicionPasos.CrearProyecto.verificarVistaProyectos(java.lang.String)
  When Hacer clic en el botón de nuevo proyecto con id "btn-nuevo-proyecto"                              # DefinicionPasos.CrearProyecto.hacerClickNuevoProyecto(java.lang.String)
  Then Verificar que ingresamos a la vista de creación de proyectos "https://taskhub.cl/proyecto/create" # DefinicionPasos.CrearProyecto.verificarVistaCreacionProyectos(java.lang.String)
  And Ingresar el nombre del nuevo proyecto con id "nombre" con el texto "Proyecto sin tipo de proyecto" # DefinicionPasos.CrearProyecto.ingresarNombreNuevoProyecto(java.lang.String,java.lang.String)
  And Seleccionar el primer cliente del selector con id "cliente_id"                                     # DefinicionPasos.CrearProyecto.seleccionarPrimerCliente(java.lang.String)
  And Seleccionar el primer jefe de proyecto del selector con id "jefe_proyecto_id"                      # DefinicionPasos.CrearProyecto.seleccionarPrimerJefeProyecto(java.lang.String)
No se seleccionó ninguna opción para el campo: tipo de proyecto
  And No seleccionar tipo de proyecto en el selector con id "tipo_proyecto_id"                           # DefinicionPasos.CrearProyecto.noSeleccionarTipoDeProyecto(java.lang.String)
  When Hacer clic en el botón de guardar con id "btn-guardar-proyecto"                                   # DefinicionPasos.CrearProyecto.hacerClickGuardar(java.lang.String)
  And Permanecer en la vista de creación de proyectos "https://taskhub.cl/proyecto/create"               # DefinicionPasos.CrearProyecto.permanecerEnVistaCreacion(java.lang.String)
]]></system-out>
    <system-err><![CDATA[Nov 23, 2024 10:18:23 AM org.openqa.selenium.devtools.CdpVersionFinder findNearestMatch
ADVERTENCIA: Unable to find an exact match for CDP version 131, returning the closest version; found: 130; Please update to a Selenium version that supports CDP version 131
]]></system-err>
  </testcase>
[...]
  And Ingresar el usuario en el campo con id "email" con el texto "igna.veliz@duocuc.cl"                # DefinicionPasos.CrearProyecto.ingresarUsuario(java.lang.String,java.lang.String)
  And Ingresar la contraseña en el campo con id "password" con el texto "123123123"                     # DefinicionPasos.CrearProyecto.ingresarContrasena(java.lang.String,java.lang.String)
  And Hacer clic en el botón con id "login_button"                                                      # DefinicionPasos.CrearProyecto.hacerClickBoton(java.lang.String)
  Then Verificar que estamos en la página de inicio "https://taskhub.cl/inicio"                         # DefinicionPasos.CrearProyecto.verificarPaginaInicio(java.lang.String)
  When Hacer clic en el botón de navegación con id "menu-proyectos"                                     # DefinicionPasos.CrearProyecto.hacerClickBotonNavegacion(java.lang.String)
  Then Verificar que ingresamos a la vista de proyectos "https://taskhub.cl/proyecto"                   # DefinicionPasos.CrearProyecto.verificarVistaProyectos(java.lang.String)
  When Seleccionar el proyecto con nombre "Nescafessss" y hacer clic en "btn-editar-1"                  # DefinicionPasos.ModificarProyecto.seleccionar_el_proyecto_con_nombre_y_hacer_clic_en(java.lang.String,java.lang.String)
  Then Verificar que ingresamos a la vista de edición del proyecto "https://taskhub.cl/proyecto/edit/1" # DefinicionPasos.ModificarProyecto.verificar_que_ingresamos_a_la_vista_de_edicion_del_proyecto(java.lang.String)
  And Dejar el campo vacío con id "nombre"                                                              # DefinicionPasos.CrearProyecto.dejarCampoNombreVacio(java.lang.String)
No se seleccionó ninguna opción para el campo: cliente
  And No seleccionar cliente en el selector con id "cliente_id"                                         # DefinicionPasos.CrearProyecto.noSeleccionarCliente(java.lang.String)
  When Hacer clic en el botón de guardar con id "btn-guardar-proyecto"                                  # DefinicionPasos.CrearProyecto.hacerClickGuardar(java.lang.String)
  And Permanecer en la vista de modificaion de proyectos "https://taskhub.cl/proyecto/edit/1"           # DefinicionPasos.ModificarProyecto.permanecerEnVistaCreacion(java.lang.String)
]]></system-out>
    <system-err><![CDATA[Nov 23, 2024 10:22:05 AM org.openqa.selenium.devtools.CdpVersionFinder findNearestMatch
ADVERTENCIA: Unable to find an exact match for CDP version 131, returning the closest version; found: 130; Please update to a Selenium version that supports CDP version 131
]]></system-err>
  </testcase>
  <testcase name="Modificar un proyecto existente dejando el nombre de proyecto y jefe de proyecto vacio" classname="Modificar Proyecto" time="9.19">
    <system-out><![CDATA[
Scenario: Modificar un proyecto existente dejando el nombre de proyecto y jefe de proyecto vacio        # src/test/resources/feature/EscenarioModificarProyecto.feature:105
  Given Navegar a la página principal "https://taskhub.cl/"                                             # DefinicionPasos.CrearProyecto.navegarPaginaPrincipal(java.lang.String)
  And Ingresar el usuario en el campo con id "email" con el texto "igna.veliz@duocuc.cl"                # DefinicionPasos.CrearProyecto.ingresarUsuario(java.lang.String,java.lang.String)
  And Ingresar la contraseña en el campo con id "password" con el texto "123123123"                     # DefinicionPasos.CrearProyecto.ingresarContrasena(java.lang.String,java.lang.String)
  And Hacer clic en el botón con id "login_button"                                                      # DefinicionPasos.CrearProyecto.hacerClickBoton(java.lang.String)
  Then Verificar que estamos en la página de inicio "https://taskhub.cl/inicio"                         # DefinicionPasos.CrearProyecto.verificarPaginaInicio(java.lang.String)
  When Hacer clic en el botón de navegación con id "menu-proyectos"                                     # DefinicionPasos.CrearProyecto.hacerClickBotonNavegacion(java.lang.String)
  Then Verificar que ingresamos a la vista de proyectos "https://taskhub.cl/proyecto"                   # DefinicionPasos.CrearProyecto.verificarVistaProyectos(java.lang.String)
  When Seleccionar el proyecto con nombre "Nescafessss" y hacer clic en "btn-editar-1"                  # DefinicionPasos.ModificarProyecto.seleccionar_el_proyecto_con_nombre_y_hacer_clic_en(java.lang.String,java.lang.String)
  Then Verificar que ingresamos a la vista de edición del proyecto "https://taskhub.cl/proyecto/edit/1" # DefinicionPasos.ModificarProyecto.verificar_que_ingresamos_a_la_vista_de_edicion_del_proyecto(java.lang.String)
  And Dejar el campo vacío con id "nombre"                                                              # DefinicionPasos.CrearProyecto.dejarCampoNombreVacio(java.lang.String)
No se seleccionó ninguna opción para el campo: jefe de proyecto
  And No seleccionar jefe de proyecto en el selector con id "jefe_proyecto_id"                          # DefinicionPasos.CrearProyecto.noSeleccionarJefeDeProyecto(java.lang.String)
  When Hacer clic en el botón de guardar con id "btn-guardar-proyecto"                                  # DefinicionPasos.CrearProyecto.hacerClickGuardar(java.lang.String)
  And Permanecer en la vista de modificaion de proyectos "https://taskhub.cl/proyecto/edit/1"           # DefinicionPasos.ModificarProyecto.permanecerEnVistaCreacion(java.lang.String)
]]></system-out>
    <system-err><![CDATA[Nov 23, 2024 10:22:14 AM org.openqa.selenium.devtools.CdpVersionFinder findNearestMatch
ADVERTENCIA: Unable to find an exact match for CDP version 131, returning the closest version; found: 130; Please update to a Selenium version that supports CDP version 131
]]></system-err>
  </testcase>
  <testcase name="Modificar un proyecto existente dejando el nombre de proyecto y tipo de proyecto vacio" classname="Modificar Proyecto" time="9.106">
    <system-out><![CDATA[
Scenario: Modificar un proyecto existente dejando el nombre de proyecto y tipo de proyecto vacio        # src/test/resources/feature/EscenarioModificarProyecto.feature:115
  Given Navegar a la página principal "https://taskhub.cl/"                                             # DefinicionPasos.CrearProyecto.navegarPaginaPrincipal(java.lang.String)
  And Ingresar el usuario en el campo con id "email" con el texto "igna.veliz@duocuc.cl"                # DefinicionPasos.CrearProyecto.ingresarUsuario(java.lang.String,java.lang.String)
  And Ingresar la contraseña en el campo con id "password" con el texto "123123123"                     # DefinicionPasos.CrearProyecto.ingresarContrasena(java.lang.String,java.lang.String)
  And Hacer clic en el botón con id "login_button"                                                      # DefinicionPasos.CrearProyecto.hacerClickBoton(java.lang.String)
  Then Verificar que estamos en la página de inicio "https://taskhub.cl/inicio"                         # DefinicionPasos.CrearProyecto.verificarPaginaInicio(java.lang.String)
  When Hacer clic en el botón de navegación con id "menu-proyectos"                                     # DefinicionPasos.CrearProyecto.hacerClickBotonNavegacion(java.lang.String)
  Then Verificar que ingresamos a la vista de proyectos "https://taskhub.cl/proyecto"                   # DefinicionPasos.CrearProyecto.verificarVistaProyectos(java.lang.String)
  When Seleccionar el proyecto con nombre "Nescafessss" y hacer clic en "btn-editar-1"                  # DefinicionPasos.ModificarProyecto.seleccionar_el_proyecto_con_nombre_y_hacer_clic_en(java.lang.String,java.lang.String)
  Then Verificar que ingresamos a la vista de edición del proyecto "https://taskhub.cl/proyecto/edit/1" # DefinicionPasos.ModificarProyecto.verificar_que_ingresamos_a_la_vista_de_edicion_del_proyecto(java.lang.String)
  And Dejar el campo vacío con id "nombre"                                                              # DefinicionPasos.CrearProyecto.dejarCampoNombreVacio(java.lang.String)
No se seleccionó ninguna opción para el campo: tipo de proyecto
  And No seleccionar tipo de proyecto en el selector con id "tipo_proyecto_id"                          # DefinicionPasos.CrearProyecto.noSeleccionarTipoDeProyecto(java.lang.String)
  When Hacer clic en el botón de guardar con id "btn-guardar-proyecto"                                  # DefinicionPasos.CrearProyecto.hacerClickGuardar(java.lang.String)
  And Permanecer en la vista de modificaion de proyectos "https://taskhub.cl/proyecto/edit/1"           # DefinicionPasos.ModificarProyecto.permanecerEnVistaCreacion(java.lang.String)
]]></system-out>
    <system-err><![CDATA[Nov 23, 2024 10:22:23 AM org.openqa.selenium.devtools.CdpVersionFinder findNearestMatch
ADVERTENCIA: Unable to find an exact match for CDP version 131, returning the closest version; found: 130; Please update to a Selenium version that supports CDP version 131
]]></system-err>
  </testcase>
  <testcase name="Modificar un proyecto existente dejando el nombre de proyecto y tipo de proyecto y jefe de proyecto vacio" classname="Modificar Proyecto" time="9.041">
    <system-out><![CDATA[
Scenario: Modificar un proyecto existente dejando el nombre de proyecto y tipo de proyecto y jefe de proyecto vacio # src/test/resources/feature/EscenarioModificarProyecto.feature:125
  Given Navegar a la página principal "https://taskhub.cl/"                                                         # DefinicionPasos.CrearProyecto.navegarPaginaPrincipal(java.lang.String)
  And Ingresar el usuario en el campo con id "email" con el texto "igna.veliz@duocuc.cl"                            # DefinicionPasos.CrearProyecto.ingresarUsuario(java.lang.String,java.lang.String)
  And Ingresar la contraseña en el campo con id "password" con el texto "123123123"                                 # DefinicionPasos.CrearProyecto.ingresarContrasena(java.lang.String,java.lang.String)
  And Hacer clic en el botón con id "login_button"                                                                  # DefinicionPasos.CrearProyecto.hacerClickBoton(java.lang.String)
  Then Verificar que estamos en la página de inicio "https://taskhub.cl/inicio"                                     # DefinicionPasos.CrearProyecto.verificarPaginaInicio(java.lang.String)
  When Hacer clic en el botón de navegación con id "menu-proyectos"                                                 # DefinicionPasos.CrearProyecto.hacerClickBotonNavegacion(java.lang.String)
  Then Verificar que ingresamos a la vista de proyectos "https://taskhub.cl/proyecto"                               # DefinicionPasos.CrearProyecto.verificarVistaProyectos(java.lang.String)
  When Seleccionar el proyecto con nombre "Nescafessss" y hacer clic en "btn-editar-1"                              # DefinicionPasos.ModificarProyecto.seleccionar_el_proyecto_con_nombre_y_hacer_clic_en(java.lang.String,java.lang.String)
  Then Verificar que ingresamos a la vista de edición del proyecto "https://taskhub.cl/proyecto/edit/1"             # DefinicionPasos.ModificarProyecto.verificar_que_ingresamos_a_la_vista_de_edicion_del_proyecto(java.lang.String)
  And Dejar el campo vacío con id "nombre"                                                                          # DefinicionPasos.CrearProyecto.dejarCampoNombreVacio(java.lang.String)
No se seleccionó ninguna opción para el campo: tipo de proyecto
  And No seleccionar tipo de proyecto en el selector con id "tipo_proyecto_id"                                      # DefinicionPasos.CrearProyecto.noSeleccionarTipoDeProyecto(java.lang.String)
No se seleccionó ninguna opción para el campo: jefe de proyecto
  And No seleccionar jefe de proyecto en el selector con id "jefe_proyecto_id"                                      # DefinicionPasos.CrearProyecto.noSeleccionarJefeDeProyecto(java.lang.String)
  When Hacer clic en el botón de guardar con id "btn-guardar-proyecto"                                              # DefinicionPasos.CrearProyecto.hacerClickGuardar(java.lang.String)
  And Permanecer en la vista de modificaion de proyectos "https://taskhub.cl/proyecto/edit/1"                       # DefinicionPasos.ModificarProyecto.permanecerEnVistaCreacion(java.lang.String)
]]></system-out>
    <system-err><![CDATA[Nov 23, 2024 10:22:33 AM org.openqa.selenium.devtools.CdpVersionFinder findNearestMatch
ADVERTENCIA: Unable to find an exact match for CDP version 131, returning the closest version; found: 130; Please update to a Selenium version that supports CDP version 131
]]></system-err>
  </testcase>
  <testcase name="Modificar un proyecto existente dejando el nombre de proyecto y tipo de proyecto y jefe de proyecto y cliente vacio" classname="Modificar Proyecto" time="9.148">
    <system-out><![CDATA[
Scenario: Modificar un proyecto existente dejando el nombre de proyecto y tipo de proyecto y jefe de proyecto y cliente vacio # src/test/resources/feature/EscenarioModificarProyecto.feature:136
  Given Navegar a la página principal "https://taskhub.cl/"                                                                   # DefinicionPasos.CrearProyecto.navegarPaginaPrincipal(java.lang.String)
  And Ingresar el usuario en el campo con id "email" con el texto "igna.veliz@duocuc.cl"                                      # DefinicionPasos.CrearProyecto.ingresarUsuario(java.lang.String,java.lang.String)
  And Ingresar la contraseña en el campo con id "password" con el texto "123123123"                                           # DefinicionPasos.CrearProyecto.ingresarContrasena(java.lang.String,java.lang.String)
  And Hacer clic en el botón con id "login_button"                                                                            # DefinicionPasos.CrearProyecto.hacerClickBoton(java.lang.String)
  Then Verificar que estamos en la página de inicio "https://taskhub.cl/inicio"                                               # DefinicionPasos.CrearProyecto.verificarPaginaInicio(java.lang.String)
  When Hacer clic en el botón de navegación con id "menu-proyectos"                                                           # DefinicionPasos.CrearProyecto.hacerClickBotonNavegacion(java.lang.String)
  Then Verificar que ingresamos a la vista de proyectos "https://taskhub.cl/proyecto"                                         # DefinicionPasos.CrearProyecto.verificarVistaProyectos(java.lang.String)
  When Seleccionar el proyecto con nombre "Nescafessss" y hacer clic en "btn-editar-1"                                        # DefinicionPasos.ModificarProyecto.seleccionar_el_proyecto_con_nombre_y_hacer_clic_en(java.lang.String,java.lang.String)
  Then Verificar que ingresamos a la vista de edición del proyecto "https://taskhub.cl/proyecto/edit/1"                       # DefinicionPasos.ModificarProyecto.verificar_que_ingresamos_a_la_vista_de_edicion_del_proyecto(java.lang.String)
  And Dejar el campo vacío con id "nombre"                                                                                    # DefinicionPasos.CrearProyecto.dejarCampoNombreVacio(java.lang.String)
No se seleccionó ninguna opción para el campo: tipo de proyecto
  And No seleccionar tipo de proyecto en el selector con id "tipo_proyecto_id"                                                # DefinicionPasos.CrearProyecto.noSeleccionarTipoDeProyecto(java.lang.String)
No se seleccionó ninguna opción para el campo: jefe de proyecto
  And No seleccionar jefe de proyecto en el selector con id "jefe_proyecto_id"                                                # DefinicionPasos.CrearProyecto.noSeleccionarJefeDeProyecto(java.lang.String)
No se seleccionó ninguna opción para el campo: cliente
  And No seleccionar cliente en el selector con id "cliente_id"                                                               # DefinicionPasos.CrearProyecto.noSeleccionarCliente(java.lang.String)
  When Hacer clic en el botón de guardar con id "btn-guardar-proyecto"                                                        # DefinicionPasos.CrearProyecto.hacerClickGuardar(java.lang.String)
  And Permanecer en la vista de modificaion de proyectos "https://taskhub.cl/proyecto/edit/1"                                 # DefinicionPasos.ModificarProyecto.permanecerEnVistaCreacion(java.lang.String)
]]></system-out>
    <system-err><![CDATA[Nov 23, 2024 10:22:42 AM org.openqa.selenium.devtools.CdpVersionFinder findNearestMatch
ADVERTENCIA: Unable to find an exact match for CDP version 131, returning the closest version; found: 130; Please update to a Selenium version that supports CDP version 131
]]></system-err>
  </testcase>
  <testcase name="Revertir el nombre del proyecto al anterior" classname="Modificar Proyecto" time="9.891">
    <system-out><![CDATA[
Scenario: Revertir el nombre del proyecto al anterior                                                   # src/test/resources/feature/EscenarioModificarProyecto.feature:148
  Given Navegar a la página principal "https://taskhub.cl/"                                             # DefinicionPasos.CrearProyecto.navegarPaginaPrincipal(java.lang.String)
  And Ingresar el usuario en el campo con id "email" con el texto "igna.veliz@duocuc.cl"                # DefinicionPasos.CrearProyecto.ingresarUsuario(java.lang.String,java.lang.String)
  And Ingresar la contraseña en el campo con id "password" con el texto "123123123"                     # DefinicionPasos.CrearProyecto.ingresarContrasena(java.lang.String,java.lang.String)
  And Hacer clic en el botón con id "login_button"                                                      # DefinicionPasos.CrearProyecto.hacerClickBoton(java.lang.String)
  Then Verificar que estamos en la página de inicio "https://taskhub.cl/inicio"                         # DefinicionPasos.CrearProyecto.verificarPaginaInicio(java.lang.String)
  When Hacer clic en el botón de navegación con id "menu-proyectos"                                     # DefinicionPasos.CrearProyecto.hacerClickBotonNavegacion(java.lang.String)
  Then Verificar que ingresamos a la vista de proyectos "https://taskhub.cl/proyecto"                   # DefinicionPasos.CrearProyecto.verificarVistaProyectos(java.lang.String)
  When Seleccionar el proyecto con nombre "Proyecto modificado" y hacer clic en "btn-editar-1"          # DefinicionPasos.ModificarProyecto.seleccionar_el_proyecto_con_nombre_y_hacer_clic_en(java.lang.String,java.lang.String)
  Then Verificar que ingresamos a la vista de edición del proyecto "https://taskhub.cl/proyecto/edit/1" # DefinicionPasos.ModificarProyecto.verificar_que_ingresamos_a_la_vista_de_edicion_del_proyecto(java.lang.String)
  And Cambiar el nombre del proyecto con id "nombre" al texto "Nescafessss"                             # DefinicionPasos.ModificarProyecto.cambiar_el_nombre_del_proyecto_con_id_al_texto(java.lang.String,java.lang.String)
  When Hacer clic en el botón de guardar con id "btn-guardar-proyecto"                                  # DefinicionPasos.CrearProyecto.hacerClickGuardar(java.lang.String)
  And Aceptar la alerta de éxito                                                                        # DefinicionPasos.ModificarProyecto.aceptarLaAlertaDeÉxito()
  Then Verificar que el proyecto se actualizó con el nombre "Nescafessss"                               # DefinicionPasos.ModificarProyecto.verificarQueElProyectoSeActualizóConElNombre(java.lang.String)
  And Verificar que llegamos a la vista del proyecto para modificar con la URL que contiene "show"      # DefinicionPasos.ModificarProyecto.verificar_que_llegamos_a_la_vista_del_proyecto_para_modificar_con_la_url_que_contiene(java.lang.String)
]]></system-out>
    <system-err><![CDATA[Nov 23, 2024 10:22:51 AM org.openqa.selenium.devtools.CdpVersionFinder findNearestMatch
ADVERTENCIA: Unable to find an exact match for CDP version 131, returning the closest version; found: 130; Please update to a Selenium version that supports CDP version 131
]]></system-err>
  </testcase>
</testsuite>