<?xml version="1.0" encoding="UTF-8"?>
<testsuite name="Cucumber" time="74.974" tests="20" skipped="0" failures="0" errors="0">
<testcase classname="Crear Proyecto" name="Crear un nuevo proyecto" time="5.175">
<system-out><![CDATA[
Given Navegar a la página principal "https://taskhub.cl/"...................passed
And Ingresar el usuario en el campo con id "email" con el texto "igna.veliz@duocuc.cl".passed
And Ingresar la contraseña en el campo con id "password" con el texto "123123123".passed
And Hacer clic en el botón con id "login_button"............................passed
Then Verificar que estamos en la página de inicio "https://taskhub.cl/inicio".passed
Then Verificar que estamos en la página de inicio "https://taskhub.cl/inicio".passed
When Hacer clic en el botón de navegación con id "menu-proyectos"...........passed
Then Verificar que ingresamos a la vista de proyectos "https://taskhub.cl/proyecto".passed
When Hacer clic en el botón de nuevo proyecto con id "btn-nuevo-proyecto"...passed
Then Verificar que ingresamos a la vista de creación de proyectos "https://taskhub.cl/proyecto/create".passed
And Ingresar el nombre del nuevo proyecto con id "nombre" con el texto "proyecto 1".passed
And Seleccionar el primer cliente del selector con id "cliente_id"..........passed
And Seleccionar el primer jefe de proyecto del selector con id "jefe_proyecto_id".passed
And Seleccionar el primer tipo de proyecto del selector con id "tipo_proyecto_id".passed
When Hacer clic en el botón de guardar con id "btn-guardar-proyecto"........passed
Then Verificar que llegamos a la vista del proyecto con la URL que contiene "show".passed
]]></system-out>
</testcase>
<testcase classname="Crear Proyecto" name="Crear un nuevo proyecto sin nombre" time="4.374">
<system-out><![CDATA[
Given Navegar a la página principal "https://taskhub.cl/"...................passed
And Ingresar el usuario en el campo con id "email" con el texto "igna.veliz@duocuc.cl".passed
And Ingresar la contraseña en el campo con id "password" con el texto "123123123".passed
And Hacer clic en el botón con id "login_button"............................passed
Then Verificar que estamos en la página de inicio "https://taskhub.cl/inicio".passed
When Hacer clic en el botón de navegación con id "menu-proyectos"...........passed
Then Verificar que ingresamos a la vista de proyectos "https://taskhub.cl/proyecto".passed
When Hacer clic en el botón de nuevo proyecto con id "btn-nuevo-proyecto"...passed
Then Verificar que ingresamos a la vista de creación de proyectos "https://taskhub.cl/proyecto/create".passed
And Dejar el campo de nombre vacío con id "nombre"..........................passed
And Seleccionar el primer cliente del selector con id "cliente_id"..........passed
And Seleccionar el primer jefe de proyecto del selector con id "jefe_proyecto_id".passed
And Seleccionar el primer tipo de proyecto del selector con id "tipo_proyecto_id".passed
When Hacer clic en el botón de guardar con id "btn-guardar-proyecto"........passed
And Permanecer en la vista de creación de proyectos "https://taskhub.cl/proyecto/create".passed
]]></system-out>
</testcase>
<testcase classname="Crear Proyecto" name="Crear un proyecto sin cliente" time="4.292">
<system-out><![CDATA[
Given Navegar a la página principal "https://taskhub.cl/"...................passed
And Ingresar el usuario en el campo con id "email" con el texto "igna.veliz@duocuc.cl".passed
And Ingresar la contraseña en el campo con id "password" con el texto "123123123".passed
And Hacer clic en el botón con id "login_button"............................passed
Then Verificar que estamos en la página de inicio "https://taskhub.cl/inicio".passed
When Hacer clic en el botón de navegación con id "menu-proyectos"...........passed
Then Verificar que ingresamos a la vista de proyectos "https://taskhub.cl/proyecto".passed
When Hacer clic en el botón de nuevo proyecto con id "btn-nuevo-proyecto"...passed
Then Verificar que ingresamos a la vista de creación de proyectos "https://taskhub.cl/proyecto/create".passed
And Ingresar el nombre del nuevo proyecto con id "nombre" con el texto "Proyecto sin cliente".passed
And No seleccionar cliente en el selector con id "cliente_id"...............passed
And Seleccionar el primer jefe de proyecto del selector con id "jefe_proyecto_id".passed
And Seleccionar el primer tipo de proyecto del selector con id "tipo_proyecto_id".passed
When Hacer clic en el botón de guardar con id "btn-guardar-proyecto"........passed
And Permanecer en la vista de creación de proyectos "https://taskhub.cl/proyecto/create".passed
]]></system-out>
</testcase>
<testcase classname="Crear Proyecto" name="Crear un proyecto sin jefe de proyecto" time="4.422">
<system-out><![CDATA[
Given Navegar a la página principal "https://taskhub.cl/"...................passed
And Ingresar el usuario en el campo con id "email" con el texto "igna.veliz@duocuc.cl".passed
And Ingresar la contraseña en el campo con id "password" con el texto "123123123".passed
And Hacer clic en el botón con id "login_button"............................passed
Then Verificar que estamos en la página de inicio "https://taskhub.cl/inicio".passed
When Hacer clic en el botón de navegación con id "menu-proyectos"...........passed
Then Verificar que ingresamos a la vista de proyectos "https://taskhub.cl/proyecto".passed
When Hacer clic en el botón de nuevo proyecto con id "btn-nuevo-proyecto"...passed
Then Verificar que ingresamos a la vista de creación de proyectos "https://taskhub.cl/proyecto/create".passed
And Ingresar el nombre del nuevo proyecto con id "nombre" con el texto "Proyecto sin jefe de proyecto".passed
And Seleccionar el primer cliente del selector con id "cliente_id"..........passed
And No seleccionar jefe de proyecto en el selector con id "jefe_proyecto_id".passed
And Seleccionar el primer tipo de proyecto del selector con id "tipo_proyecto_id".passed
When Hacer clic en el botón de guardar con id "btn-guardar-proyecto"........passed
And Permanecer en la vista de creación de proyectos "https://taskhub.cl/proyecto/create".passed
]]></system-out>
</testcase>
<testcase classname="Crear Proyecto" name="Crear un proyecto sin tipo de proyecto" time="4.269">
<system-out><![CDATA[
Given Navegar a la página principal "https://taskhub.cl/"...................passed
And Ingresar el usuario en el campo con id "email" con el texto "igna.veliz@duocuc.cl".passed
And Ingresar la contraseña en el campo con id "password" con el texto "123123123".passed
And Hacer clic en el botón con id "login_button"............................passed
Then Verificar que estamos en la página de inicio "https://taskhub.cl/inicio".passed
When Hacer clic en el botón de navegación con id "menu-proyectos"...........passed
Then Verificar que ingresamos a la vista de proyectos "https://taskhub.cl/proyecto".passed
When Hacer clic en el botón de nuevo proyecto con id "btn-nuevo-proyecto"...passed
Then Verificar que ingresamos a la vista de creación de proyectos "https://taskhub.cl/proyecto/create".passed
And Ingresar el nombre del nuevo proyecto con id "nombre" con el texto "Proyecto sin tipo de proyecto".passed
And Seleccionar el primer cliente del selector con id "cliente_id"..........passed
And Seleccionar el primer jefe de proyecto del selector con id "jefe_proyecto_id".passed
And No seleccionar tipo de proyecto en el selector con id "tipo_proyecto_id".passed
When Hacer clic en el botón de guardar con id "btn-guardar-proyecto"........passed
And Permanecer en la vista de creación de proyectos "https://taskhub.cl/proyecto/create".passed
]]></system-out>
</testcase>
<testcase classname="Crear Proyecto" name="Crear un proyecto sin nombre y sin cliente" time="4.129">
<system-out><![CDATA[
Given Navegar a la página principal "https://taskhub.cl/"...................passed
And Ingresar el usuario en el campo con id "email" con el texto "igna.veliz@duocuc.cl".passed
And Ingresar la contraseña en el campo con id "password" con el texto "123123123".passed
And Hacer clic en el botón con id "login_button"............................passed
Then Verificar que estamos en la página de inicio "https://taskhub.cl/inicio".passed
When Hacer clic en el botón de navegación con id "menu-proyectos"...........passed
Then Verificar que ingresamos a la vista de proyectos "https://taskhub.cl/proyecto".passed
When Hacer clic en el botón de nuevo proyecto con id "btn-nuevo-proyecto"...passed
Then Verificar que ingresamos a la vista de creación de proyectos "https://taskhub.cl/proyecto/create".passed
And Dejar el campo de nombre vacío con id "nombre"..........................passed
And No seleccionar cliente en el selector con id "cliente_id"...............passed
And Seleccionar el primer jefe de proyecto del selector con id "jefe_proyecto_id".passed
And Seleccionar el primer tipo de proyecto del selector con id "tipo_proyecto_id".passed
When Hacer clic en el botón de guardar con id "btn-guardar-proyecto"........passed
And Permanecer en la vista de creación de proyectos "https://taskhub.cl/proyecto/create".passed
]]></system-out>
</testcase>
<testcase classname="Crear Proyecto" name="Crear un proyecto sin nombre y sin jefe de proyecto" time="4.214">
<system-out><![CDATA[
Given Navegar a la página principal "https://taskhub.cl/"...................passed
And Ingresar el usuario en el campo con id "email" con el texto "igna.veliz@duocuc.cl".passed
And Ingresar la contraseña en el campo con id "password" con el texto "123123123".passed
And Hacer clic en el botón con id "login_button"............................passed
Then Verificar que estamos en la página de inicio "https://taskhub.cl/inicio".passed
When Hacer clic en el botón de navegación con id "menu-proyectos"...........passed
Then Verificar que ingresamos a la vista de proyectos "https://taskhub.cl/proyecto".passed
When Hacer clic en el botón de nuevo proyecto con id "btn-nuevo-proyecto"...passed
Then Verificar que ingresamos a la vista de creación de proyectos "https://taskhub.cl/proyecto/create".passed
And Dejar el campo de nombre vacío con id "nombre"..........................passed
And Seleccionar el primer cliente del selector con id "cliente_id"..........passed
And No seleccionar jefe de proyecto en el selector con id "jefe_proyecto_id".passed
And Seleccionar el primer tipo de proyecto del selector con id "tipo_proyecto_id".passed
When Hacer clic en el botón de guardar con id "btn-guardar-proyecto"........passed
And Permanecer en la vista de creación de proyectos "https://taskhub.cl/proyecto/create".passed
]]></system-out>
</testcase>
<testcase classname="Crear Proyecto" name="Crear un proyecto sin nombre y sin tipo de proyecto" time="4.412">
<system-out><![CDATA[
Given Navegar a la página principal "https://taskhub.cl/"...................passed
And Ingresar el usuario en el campo con id "email" con el texto "igna.veliz@duocuc.cl".passed
And Ingresar la contraseña en el campo con id "password" con el texto "123123123".passed
And Hacer clic en el botón con id "login_button"............................passed
Then Verificar que estamos en la página de inicio "https://taskhub.cl/inicio".passed
When Hacer clic en el botón de navegación con id "menu-proyectos"...........passed
Then Verificar que ingresamos a la vista de proyectos "https://taskhub.cl/proyecto".passed
When Hacer clic en el botón de nuevo proyecto con id "btn-nuevo-proyecto"...passed
Then Verificar que ingresamos a la vista de creación de proyectos "https://taskhub.cl/proyecto/create".passed
And Dejar el campo de nombre vacío con id "nombre"..........................passed
And Seleccionar el primer cliente del selector con id "cliente_id"..........passed
And Seleccionar el primer jefe de proyecto del selector con id "jefe_proyecto_id".passed
And No seleccionar tipo de proyecto en el selector con id "tipo_proyecto_id".passed
When Hacer clic en el botón de guardar con id "btn-guardar-proyecto"........passed
And Permanecer en la vista de creación de proyectos "https://taskhub.cl/proyecto/create".passed
]]></system-out>
</testcase>
<testcase classname="Crear Proyecto" name="Crear un proyecto sin cliente y sin jefe de proyecto" time="4.313">
<system-out><![CDATA[
Given Navegar a la página principal "https://taskhub.cl/"...................passed
And Ingresar el usuario en el campo con id "email" con el texto "igna.veliz@duocuc.cl".passed
And Ingresar la contraseña en el campo con id "password" con el texto "123123123".passed
And Hacer clic en el botón con id "login_button"............................passed
Then Verificar que estamos en la página de inicio "https://taskhub.cl/inicio".passed
When Hacer clic en el botón de navegación con id "menu-proyectos"...........passed
Then Verificar que ingresamos a la vista de proyectos "https://taskhub.cl/proyecto".passed
When Hacer clic en el botón de nuevo proyecto con id "btn-nuevo-proyecto"...passed
Then Verificar que ingresamos a la vista de creación de proyectos "https://taskhub.cl/proyecto/create".passed
And Ingresar el nombre del nuevo proyecto con id "nombre" con el texto "Proyecto sin cliente y sin jefe de proyecto".passed
And No seleccionar cliente en el selector con id "cliente_id"...............passed
And No seleccionar jefe de proyecto en el selector con id "jefe_proyecto_id".passed
And Seleccionar el primer tipo de proyecto del selector con id "tipo_proyecto_id".passed
When Hacer clic en el botón de guardar con id "btn-guardar-proyecto"........passed
And Permanecer en la vista de creación de proyectos "https://taskhub.cl/proyecto/create".passed
]]></system-out>
</testcase>
<testcase classname="Crear Proyecto" name="Crear un proyecto sin cliente y sin tipo de proyecto" time="4.192">
<system-out><![CDATA[
Given Navegar a la página principal "https://taskhub.cl/"...................passed
And Ingresar el usuario en el campo con id "email" con el texto "igna.veliz@duocuc.cl".passed
And Ingresar la contraseña en el campo con id "password" con el texto "123123123".passed
And Hacer clic en el botón con id "login_button"............................passed
Then Verificar que estamos en la página de inicio "https://taskhub.cl/inicio".passed
When Hacer clic en el botón de navegación con id "menu-proyectos"...........passed
Then Verificar que ingresamos a la vista de proyectos "https://taskhub.cl/proyecto".passed
When Hacer clic en el botón de nuevo proyecto con id "btn-nuevo-proyecto"...passed
Then Verificar que ingresamos a la vista de creación de proyectos "https://taskhub.cl/proyecto/create".passed
And Ingresar el nombre del nuevo proyecto con id "nombre" con el texto "Proyecto sin cliente y sin tipo de proyecto".passed
And No seleccionar cliente en el selector con id "cliente_id"...............passed
And Seleccionar el primer jefe de proyecto del selector con id "jefe_proyecto_id".passed
And No seleccionar tipo de proyecto en el selector con id "tipo_proyecto_id".passed
When Hacer clic en el botón de guardar con id "btn-guardar-proyecto"........passed
And Permanecer en la vista de creación de proyectos "https://taskhub.cl/proyecto/create".passed
]]></system-out>
</testcase>
<testcase classname="Crear Proyecto" name="Crear un proyecto sin jefe de proyecto y sin tipo de proyecto" time="4.213">
<system-out><![CDATA[
Given Navegar a la página principal "https://taskhub.cl/"...................passed
And Ingresar el usuario en el campo con id "email" con el texto "igna.veliz@duocuc.cl".passed
And Ingresar la contraseña en el campo con id "password" con el texto "123123123".passed
And Hacer clic en el botón con id "login_button"............................passed
Then Verificar que estamos en la página de inicio "https://taskhub.cl/inicio".passed
When Hacer clic en el botón de navegación con id "menu-proyectos"...........passed
Then Verificar que ingresamos a la vista de proyectos "https://taskhub.cl/proyecto".passed
When Hacer clic en el botón de nuevo proyecto con id "btn-nuevo-proyecto"...passed
Then Verificar que ingresamos a la vista de creación de proyectos "https://taskhub.cl/proyecto/create".passed
And Ingresar el nombre del nuevo proyecto con id "nombre" con el texto "Proyecto sin jefe de proyecto y sin tipo de proyecto".passed
And Seleccionar el primer cliente del selector con id "cliente_id"..........passed
And No seleccionar jefe de proyecto en el selector con id "jefe_proyecto_id".passed
And No seleccionar tipo de proyecto en el selector con id "tipo_proyecto_id".passed
When Hacer clic en el botón de guardar con id "btn-guardar-proyecto"........passed
And Permanecer en la vista de creación de proyectos "https://taskhub.cl/proyecto/create".passed
]]></system-out>
</testcase>
<testcase classname="Crear Proyecto" name="Crear un proyecto sin ningún dato" time="4.015">
<system-out><![CDATA[
Given Navegar a la página principal "https://taskhub.cl/"...................passed
And Ingresar el usuario en el campo con id "email" con el texto "igna.veliz@duocuc.cl".passed
And Ingresar la contraseña en el campo con id "password" con el texto "123123123".passed
And Hacer clic en el botón con id "login_button"............................passed
Then Verificar que estamos en la página de inicio "https://taskhub.cl/inicio".passed
When Hacer clic en el botón de navegación con id "menu-proyectos"...........passed
Then Verificar que ingresamos a la vista de proyectos "https://taskhub.cl/proyecto".passed
When Hacer clic en el botón de nuevo proyecto con id "btn-nuevo-proyecto"...passed
Then Verificar que ingresamos a la vista de creación de proyectos "https://taskhub.cl/proyecto/create".passed
And Dejar el campo de nombre vacío con id "nombre"..........................passed
And No seleccionar cliente en el selector con id "cliente_id"...............passed
And No seleccionar jefe de proyecto en el selector con id "jefe_proyecto_id".passed
And No seleccionar tipo de proyecto en el selector con id "tipo_proyecto_id".passed
When Hacer clic en el botón de guardar con id "btn-guardar-proyecto"........passed
And Permanecer en la vista de creación de proyectos "https://taskhub.cl/proyecto/create".passed
]]></system-out>
</testcase>
<testcase classname="Inicio de sesión de usuario" name="Inicio de sesión exitoso con correo y contraseña correctos" time="2.987">
<system-out><![CDATA[
Given navego a la URL "https://taskhub.cl/".................................passed
When ingreso en el campo de nombre de usuario con id "email" el texto "igna.veliz@duocuc.cl".passed
And ingreso en el campo de contraseña con id "password" el texto "123123123".passed
And hago clic en el botón de inicio de sesión con id "login_button".........passed
Then debería ser redirigido a la URL "https://taskhub.cl/inicio"............passed
]]></system-out>
</testcase>
<testcase classname="Inicio de sesión de usuario" name="Inicio de sesión fallido con correo correcto pero contraseña incorrecta" time="3.456">
<system-out><![CDATA[
Given navego a la URL "https://taskhub.cl/".................................passed
When ingreso en el campo de nombre de usuario con id "email" el texto "igna.veliz@duocuc.cl".passed
And ingreso en el campo de contraseña con id "password" el texto "incorrect_password".passed
And hago clic en el botón de inicio de sesión con id "login_button".........passed
Then debería permanecer en la URL "https://taskhub.cl/".....................passed
]]></system-out>
</testcase>
<testcase classname="Inicio de sesión de usuario" name="Inicio de sesión fallido con correo incorrecto pero contraseña correcta" time="3.267">
<system-out><![CDATA[
Given navego a la URL "https://taskhub.cl/".................................passed
When ingreso en el campo de nombre de usuario con id "email" el texto "incorrect_email@example.com".passed
And ingreso en el campo de contraseña con id "password" el texto "123123123".passed
And hago clic en el botón de inicio de sesión con id "login_button".........passed
Then debería permanecer en la URL "https://taskhub.cl/".....................passed
]]></system-out>
</testcase>
<testcase classname="Inicio de sesión de usuario" name="Inicio de sesión fallido con correo y contraseña incorrectos" time="3.261">
<system-out><![CDATA[
Given navego a la URL "https://taskhub.cl/".................................passed
When ingreso en el campo de nombre de usuario con id "email" el texto "incorrect_email@example.com".passed
And ingreso en el campo de contraseña con id "password" el texto "incorrect_password".passed
And hago clic en el botón de inicio de sesión con id "login_button".........passed
Then debería permanecer en la URL "https://taskhub.cl/".....................passed
]]></system-out>
</testcase>
<testcase classname="Inicio de sesión de usuario" name="Inicio de sesión fallido con el campo de correo vacío" time="2.521">
<system-out><![CDATA[
Given navego a la URL "https://taskhub.cl/".................................passed
When ingreso en el campo de nombre de usuario con id "email" el texto ""....passed
And ingreso en el campo de contraseña con id "password" el texto "123123123".passed
And hago clic en el botón de inicio de sesión con id "login_button".........passed
Then debería permanecer en la URL "https://taskhub.cl/".....................passed
]]></system-out>
</testcase>
<testcase classname="Inicio de sesión de usuario" name="Inicio de sesión fallido con correo correcto pero contraseña vacía" time="2.379">
<system-out><![CDATA[
Given navego a la URL "https://taskhub.cl/".................................passed
When ingreso en el campo de nombre de usuario con id "email" el texto "igna.veliz@duocuc.cl".passed
And ingreso en el campo de contraseña con id "password" el texto "".........passed
And hago clic en el botón de inicio de sesión con id "login_button".........passed
Then debería permanecer en la URL "https://taskhub.cl/".....................passed
]]></system-out>
</testcase>
<testcase classname="Inicio de sesión de usuario" name="Inicio de sesión fallido con ambos campos vacíos" time="2.458">
<system-out><![CDATA[
Given navego a la URL "https://taskhub.cl/".................................passed
When ingreso en el campo de nombre de usuario con id "email" el texto ""....passed
And ingreso en el campo de contraseña con id "password" el texto "".........passed
And hago clic en el botón de inicio de sesión con id "login_button".........passed
Then debería permanecer en la URL "https://taskhub.cl/".....................passed
]]></system-out>
</testcase>
<testcase classname="Inicio de sesión de usuario" name="Inicio de sesión fallido con intento de inyección SQL" time="2.369">
<system-out><![CDATA[
Given navego a la URL "https://taskhub.cl/".................................passed
When ingreso en el campo de nombre de usuario con id "email" el texto "' OR '1'='1".passed
And ingreso en el campo de contraseña con id "password" el texto "' OR '1'='1".passed
And hago clic en el botón de inicio de sesión con id "login_button".........passed
Then debería permanecer en la URL "https://taskhub.cl/".....................passed
]]></system-out>
</testcase>
</testsuite>
