<?xml version="1.0" encoding="UTF-8"?>
<testsuite name="Cucumber" time="37.67" tests="9" skipped="0" failures="0" errors="0">
<testcase classname="Crear Proyecto" name="Crear un nuevo proyecto" time="7.121">
<system-out><![CDATA[
Given Navegar a la página principal "https://taskhub.cl/"...................passed
And Ingresar el usuario en el campo con id "email" con el texto "igna.veliz@duocuc.cl".passed
And Ingresar la contraseña en el campo con id "password" con el texto "123123123".passed
And Hacer clic en el botón con id "login_button"............................passed
Then Verificar que estamos en la página de inicio "https://taskhub.cl/inicio".passed
Then Verificar que estamos en la página de inicio "https://taskhub.cl/inicio".passed
When Hacer clic en el botón de navegación con id "menu-proyectos"...........passed
Then Verificar que ingresamos a la vista de proyectos "https://taskhub.cl/proyecto".passed
When Hacer clic en el botón de nuevo proyecto con id "btn-nuevo-proyecto"...passed
Then Verificar que ingresamos a la vista de creación de proyectos "https://taskhub.cl/proyecto/create".passed
And Ingresar el nombre del nuevo proyecto con id "nombre" con el texto "proyecto 1".passed
And Seleccionar el primer cliente del selector con id "cliente_id"..........passed
And Seleccionar el primer jefe de proyecto del selector con id "jefe_proyecto_id".passed
And Seleccionar el primer tipo de proyecto del selector con id "tipo_proyecto_id".passed
When Hacer clic en el botón de guardar con id "btn-guardar-proyecto"........passed
Then Verificar que llegamos a la vista del proyecto con la URL que contiene "show".passed
]]></system-out>
</testcase>
<testcase classname="Inicio de sesión de usuario" name="Inicio de sesión exitoso con correo y contraseña correctos" time="3.192">
<system-out><![CDATA[
Given navego a la URL "https://taskhub.cl/".................................passed
When ingreso en el campo de nombre de usuario con id "email" el texto "igna.veliz@duocuc.cl".passed
And ingreso en el campo de contraseña con id "password" el texto "123123123".passed
And hago clic en el botón de inicio de sesión con id "login_button".........passed
Then debería ser redirigido a la URL "https://taskhub.cl/inicio"............passed
]]></system-out>
</testcase>
<testcase classname="Inicio de sesión de usuario" name="Inicio de sesión fallido con correo correcto pero contraseña incorrecta" time="6.896">
<system-out><![CDATA[
Given navego a la URL "https://taskhub.cl/".................................passed
When ingreso en el campo de nombre de usuario con id "email" el texto "igna.veliz@duocuc.cl".passed
And ingreso en el campo de contraseña con id "password" el texto "incorrect_password".passed
And hago clic en el botón de inicio de sesión con id "login_button".........passed
Then debería permanecer en la URL "https://taskhub.cl/".....................passed
]]></system-out>
</testcase>
<testcase classname="Inicio de sesión de usuario" name="Inicio de sesión fallido con correo incorrecto pero contraseña correcta" time="7.252">
<system-out><![CDATA[
Given navego a la URL "https://taskhub.cl/".................................passed
When ingreso en el campo de nombre de usuario con id "email" el texto "incorrect_email@example.com".passed
And ingreso en el campo de contraseña con id "password" el texto "123123123".passed
And hago clic en el botón de inicio de sesión con id "login_button".........passed
Then debería permanecer en la URL "https://taskhub.cl/".....................passed
]]></system-out>
</testcase>
<testcase classname="Inicio de sesión de usuario" name="Inicio de sesión fallido con correo y contraseña incorrectos" time="3.414">
<system-out><![CDATA[
Given navego a la URL "https://taskhub.cl/".................................passed
When ingreso en el campo de nombre de usuario con id "email" el texto "incorrect_email@example.com".passed
And ingreso en el campo de contraseña con id "password" el texto "incorrect_password".passed
And hago clic en el botón de inicio de sesión con id "login_button".........passed
Then debería permanecer en la URL "https://taskhub.cl/".....................passed
]]></system-out>
</testcase>
<testcase classname="Inicio de sesión de usuario" name="Inicio de sesión fallido con el campo de correo vacío" time="2.345">
<system-out><![CDATA[
Given navego a la URL "https://taskhub.cl/".................................passed
When ingreso en el campo de nombre de usuario con id "email" el texto ""....passed
And ingreso en el campo de contraseña con id "password" el texto "123123123".passed
And hago clic en el botón de inicio de sesión con id "login_button".........passed
Then debería permanecer en la URL "https://taskhub.cl/".....................passed
]]></system-out>
</testcase>
<testcase classname="Inicio de sesión de usuario" name="Inicio de sesión fallido con correo correcto pero contraseña vacía" time="2.382">
<system-out><![CDATA[
Given navego a la URL "https://taskhub.cl/".................................passed
When ingreso en el campo de nombre de usuario con id "email" el texto "igna.veliz@duocuc.cl".passed
And ingreso en el campo de contraseña con id "password" el texto "".........passed
And hago clic en el botón de inicio de sesión con id "login_button".........passed
Then debería permanecer en la URL "https://taskhub.cl/".....................passed
]]></system-out>
</testcase>
<testcase classname="Inicio de sesión de usuario" name="Inicio de sesión fallido con ambos campos vacíos" time="2.472">
<system-out><![CDATA[
Given navego a la URL "https://taskhub.cl/".................................passed
When ingreso en el campo de nombre de usuario con id "email" el texto ""....passed
And ingreso en el campo de contraseña con id "password" el texto "".........passed
And hago clic en el botón de inicio de sesión con id "login_button".........passed
Then debería permanecer en la URL "https://taskhub.cl/".....................passed
]]></system-out>
</testcase>
<testcase classname="Inicio de sesión de usuario" name="Inicio de sesión fallido con intento de inyección SQL" time="2.372">
<system-out><![CDATA[
Given navego a la URL "https://taskhub.cl/".................................passed
When ingreso en el campo de nombre de usuario con id "email" el texto "' OR '1'='1".passed
And ingreso en el campo de contraseña con id "password" el texto "' OR '1'='1".passed
And hago clic en el botón de inicio de sesión con id "login_button".........passed
Then debería permanecer en la URL "https://taskhub.cl/".....................passed
]]></system-out>
</testcase>
</testsuite>
